{"/Users/qiao/Documents/workspaces/资料管理小程序/exam-system/api-service/src/config/app.js": {"path":"/Users/qiao/Documents/workspaces/资料管理小程序/exam-system/api-service/src/config/app.js","statementMap":{"0":{"start":{"line":1,"column":0},"end":{"line":1,"column":27}},"1":{"start":{"line":3,"column":0},"end":{"line":25,"column":2}},"2":{"start":{"line":16,"column":4},"end":{"line":18,"column":5}},"3":{"start":{"line":17,"column":6},"end":{"line":17,"column":26}},"4":{"start":{"line":21,"column":20},"end":{"line":21,"column":59}},"5":{"start":{"line":22,"column":17},"end":{"line":22,"column":81}},"6":{"start":{"line":23,"column":4},"end":{"line":23,"column":31}}},"fnMap":{"0":{"name":"(anonymous_0)","decl":{"start":{"line":14,"column":2},"end":{"line":14,"column":3}},"loc":{"start":{"line":14,"column":31},"end":{"line":24,"column":3}},"line":14}},"branchMap":{"0":{"loc":{"start":{"line":5,"column":8},"end":{"line":5,"column":32}},"type":"binary-expr","locations":[{"start":{"line":5,"column":8},"end":{"line":5,"column":24}},{"start":{"line":5,"column":28},"end":{"line":5,"column":32}}],"line":5},"1":{"loc":{"start":{"line":6,"column":7},"end":{"line":6,"column":44}},"type":"binary-expr","locations":[{"start":{"line":6,"column":7},"end":{"line":6,"column":27}},{"start":{"line":6,"column":31},"end":{"line":6,"column":44}}],"line":6},"2":{"loc":{"start":{"line":11,"column":19},"end":{"line":11,"column":80}},"type":"binary-expr","locations":[{"start":{"line":11,"column":19},"end":{"line":11,"column":48}},{"start":{"line":11,"column":52},"end":{"line":11,"column":80}}],"line":11},"3":{"loc":{"start":{"line":16,"column":4},"end":{"line":18,"column":5}},"type":"if","locations":[{"start":{"line":16,"column":4},"end":{"line":18,"column":5}},{"start":{},"end":{}}],"line":16},"4":{"loc":{"start":{"line":16,"column":8},"end":{"line":16,"column":81}},"type":"binary-expr","locations":[{"start":{"line":16,"column":8},"end":{"line":16,"column":42}},{"start":{"line":16,"column":46},"end":{"line":16,"column":81}}],"line":16},"5":{"loc":{"start":{"line":22,"column":17},"end":{"line":22,"column":81}},"type":"cond-expr","locations":[{"start":{"line":22,"column":48},"end":{"line":22,"column":60}},{"start":{"line":22,"column":63},"end":{"line":22,"column":81}}],"line":22}},"s":{"0":0,"1":0,"2":0,"3":0,"4":0,"5":0,"6":0},"f":{"0":0},"b":{"0":[0,0],"1":[0,0],"2":[0,0],"3":[0,0],"4":[0,0],"5":[0,0]}}
,"/Users/qiao/Documents/workspaces/资料管理小程序/exam-system/api-service/src/config/database.js": {"path":"/Users/qiao/Documents/workspaces/资料管理小程序/exam-system/api-service/src/config/database.js","statementMap":{"0":{"start":{"line":1,"column":0},"end":{"line":1,"column":27}},"1":{"start":{"line":3,"column":0},"end":{"line":23,"column":2}}},"fnMap":{},"branchMap":{"0":{"loc":{"start":{"line":4,"column":8},"end":{"line":4,"column":42}},"type":"binary-expr","locations":[{"start":{"line":4,"column":8},"end":{"line":4,"column":27}},{"start":{"line":4,"column":31},"end":{"line":4,"column":42}}],"line":4},"1":{"loc":{"start":{"line":5,"column":8},"end":{"line":5,"column":35}},"type":"binary-expr","locations":[{"start":{"line":5,"column":8},"end":{"line":5,"column":27}},{"start":{"line":5,"column":31},"end":{"line":5,"column":35}}],"line":5},"2":{"loc":{"start":{"line":6,"column":8},"end":{"line":6,"column":37}},"type":"binary-expr","locations":[{"start":{"line":6,"column":8},"end":{"line":6,"column":27}},{"start":{"line":6,"column":31},"end":{"line":6,"column":37}}],"line":6},"3":{"loc":{"start":{"line":7,"column":12},"end":{"line":7,"column":41}},"type":"binary-expr","locations":[{"start":{"line":7,"column":12},"end":{"line":7,"column":35}},{"start":{"line":7,"column":39},"end":{"line":7,"column":41}}],"line":7},"4":{"loc":{"start":{"line":8,"column":12},"end":{"line":8,"column":52}},"type":"binary-expr","locations":[{"start":{"line":8,"column":12},"end":{"line":8,"column":31}},{"start":{"line":8,"column":35},"end":{"line":8,"column":52}}],"line":8},"5":{"loc":{"start":{"line":9,"column":11},"end":{"line":9,"column":46}},"type":"binary-expr","locations":[{"start":{"line":9,"column":11},"end":{"line":9,"column":33}},{"start":{"line":9,"column":37},"end":{"line":9,"column":46}}],"line":9}},"s":{"0":0,"1":0},"f":{},"b":{"0":[0,0],"1":[0,0],"2":[0,0],"3":[0,0],"4":[0,0],"5":[0,0]}}
,"/Users/qiao/Documents/workspaces/资料管理小程序/exam-system/api-service/src/controllers/adminBase.controller.js": {"path":"/Users/qiao/Documents/workspaces/资料管理小程序/exam-system/api-service/src/controllers/adminBase.controller.js","statementMap":{"0":{"start":{"line":4,"column":11},"end":{"line":4,"column":33}},"1":{"start":{"line":8,"column":4},"end":{"line":8,"column":31}},"2":{"start":{"line":15,"column":4},"end":{"line":79,"column":5}},"3":{"start":{"line":23,"column":10},"end":{"line":23,"column":18}},"4":{"start":{"line":25,"column":22},"end":{"line":25,"column":36}},"5":{"start":{"line":26,"column":26},"end":{"line":26,"column":44}},"6":{"start":{"line":27,"column":21},"end":{"line":27,"column":48}},"7":{"start":{"line":30,"column":24},"end":{"line":30,"column":35}},"8":{"start":{"line":31,"column":21},"end":{"line":31,"column":23}},"9":{"start":{"line":33,"column":6},"end":{"line":36,"column":7}},"10":{"start":{"line":34,"column":8},"end":{"line":34,"column":41}},"11":{"start":{"line":35,"column":8},"end":{"line":35,"column":28}},"12":{"start":{"line":39,"column":6},"end":{"line":42,"column":7}},"13":{"start":{"line":40,"column":8},"end":{"line":40,"column":42}},"14":{"start":{"line":41,"column":8},"end":{"line":41,"column":36}},"15":{"start":{"line":45,"column":23},"end":{"line":45,"column":87}},"16":{"start":{"line":46,"column":26},"end":{"line":46,"column":58}},"17":{"start":{"line":47,"column":20},"end":{"line":47,"column":40}},"18":{"start":{"line":50,"column":20},"end":{"line":50,"column":31}},"19":{"start":{"line":51,"column":22},"end":{"line":56,"column":7}},"20":{"start":{"line":57,"column":19},"end":{"line":57,"column":50}},"21":{"start":{"line":59,"column":6},"end":{"line":71,"column":9}},"22":{"start":{"line":73,"column":6},"end":{"line":73,"column":55}},"23":{"start":{"line":74,"column":6},"end":{"line":78,"column":9}},"24":{"start":{"line":86,"column":4},"end":{"line":118,"column":5}},"25":{"start":{"line":87,"column":21},"end":{"line":87,"column":31}},"26":{"start":{"line":89,"column":6},"end":{"line":94,"column":7}},"27":{"start":{"line":90,"column":8},"end":{"line":93,"column":11}},"28":{"start":{"line":96,"column":18},"end":{"line":96,"column":64}},"29":{"start":{"line":97,"column":21},"end":{"line":97,"column":46}},"30":{"start":{"line":99,"column":6},"end":{"line":104,"column":7}},"31":{"start":{"line":100,"column":8},"end":{"line":103,"column":11}},"32":{"start":{"line":106,"column":6},"end":{"line":110,"column":9}},"33":{"start":{"line":112,"column":6},"end":{"line":112,"column":55}},"34":{"start":{"line":113,"column":6},"end":{"line":117,"column":9}},"35":{"start":{"line":125,"column":4},"end":{"line":155,"column":5}},"36":{"start":{"line":126,"column":19},"end":{"line":126,"column":27}},"37":{"start":{"line":129,"column":6},"end":{"line":129,"column":21}},"38":{"start":{"line":130,"column":6},"end":{"line":130,"column":29}},"39":{"start":{"line":131,"column":6},"end":{"line":131,"column":29}},"40":{"start":{"line":133,"column":21},"end":{"line":133,"column":49}},"41":{"start":{"line":134,"column":27},"end":{"line":134,"column":70}},"42":{"start":{"line":134,"column":55},"end":{"line":134,"column":58}},"43":{"start":{"line":135,"column":21},"end":{"line":135,"column":40}},"44":{"start":{"line":137,"column":18},"end":{"line":137,"column":86}},"45":{"start":{"line":138,"column":21},"end":{"line":138,"column":48}},"46":{"start":{"line":141,"column":24},"end":{"line":141,"column":105}},"47":{"start":{"line":143,"column":6},"end":{"line":147,"column":9}},"48":{"start":{"line":149,"column":6},"end":{"line":149,"column":53}},"49":{"start":{"line":150,"column":6},"end":{"line":154,"column":9}},"50":{"start":{"line":162,"column":4},"end":{"line":206,"column":5}},"51":{"start":{"line":163,"column":21},"end":{"line":163,"column":31}},"52":{"start":{"line":164,"column":19},"end":{"line":164,"column":27}},"53":{"start":{"line":166,"column":6},"end":{"line":171,"column":7}},"54":{"start":{"line":167,"column":8},"end":{"line":170,"column":11}},"55":{"start":{"line":174,"column":6},"end":{"line":174,"column":21}},"56":{"start":{"line":175,"column":6},"end":{"line":175,"column":29}},"57":{"start":{"line":176,"column":6},"end":{"line":176,"column":29}},"58":{"start":{"line":178,"column":24},"end":{"line":178,"column":77}},"59":{"start":{"line":178,"column":53},"end":{"line":178,"column":65}},"60":{"start":{"line":179,"column":21},"end":{"line":179,"column":49}},"61":{"start":{"line":181,"column":18},"end":{"line":181,"column":74}},"62":{"start":{"line":182,"column":6},"end":{"line":182,"column":34}},"63":{"start":{"line":185,"column":28},"end":{"line":185,"column":96}},"64":{"start":{"line":187,"column":6},"end":{"line":192,"column":7}},"65":{"start":{"line":188,"column":8},"end":{"line":191,"column":11}},"66":{"start":{"line":194,"column":6},"end":{"line":198,"column":9}},"67":{"start":{"line":200,"column":6},"end":{"line":200,"column":53}},"68":{"start":{"line":201,"column":6},"end":{"line":205,"column":9}},"69":{"start":{"line":213,"column":4},"end":{"line":246,"column":5}},"70":{"start":{"line":214,"column":21},"end":{"line":214,"column":31}},"71":{"start":{"line":216,"column":6},"end":{"line":221,"column":7}},"72":{"start":{"line":217,"column":8},"end":{"line":220,"column":11}},"73":{"start":{"line":224,"column":23},"end":{"line":224,"column":91}},"74":{"start":{"line":225,"column":6},"end":{"line":230,"column":7}},"75":{"start":{"line":226,"column":8},"end":{"line":229,"column":11}},"76":{"start":{"line":232,"column":18},"end":{"line":232,"column":62}},"77":{"start":{"line":233,"column":6},"end":{"line":233,"column":32}},"78":{"start":{"line":235,"column":6},"end":{"line":238,"column":9}},"79":{"start":{"line":240,"column":6},"end":{"line":240,"column":53}},"80":{"start":{"line":241,"column":6},"end":{"line":245,"column":9}},"81":{"start":{"line":253,"column":4},"end":{"line":278,"column":5}},"82":{"start":{"line":254,"column":22},"end":{"line":254,"column":30}},"83":{"start":{"line":256,"column":6},"end":{"line":261,"column":7}},"84":{"start":{"line":257,"column":8},"end":{"line":260,"column":11}},"85":{"start":{"line":263,"column":27},"end":{"line":263,"column":56}},"86":{"start":{"line":263,"column":41},"end":{"line":263,"column":44}},"87":{"start":{"line":264,"column":18},"end":{"line":264,"column":79}},"88":{"start":{"line":265,"column":6},"end":{"line":265,"column":31}},"89":{"start":{"line":267,"column":6},"end":{"line":270,"column":9}},"90":{"start":{"line":272,"column":6},"end":{"line":272,"column":55}},"91":{"start":{"line":273,"column":6},"end":{"line":277,"column":9}},"92":{"start":{"line":282,"column":0},"end":{"line":282,"column":37}}},"fnMap":{"0":{"name":"(anonymous_0)","decl":{"start":{"line":7,"column":2},"end":{"line":7,"column":3}},"loc":{"start":{"line":7,"column":25},"end":{"line":9,"column":3}},"line":7},"1":{"name":"(anonymous_1)","decl":{"start":{"line":14,"column":2},"end":{"line":14,"column":3}},"loc":{"start":{"line":14,"column":23},"end":{"line":80,"column":3}},"line":14},"2":{"name":"(anonymous_2)","decl":{"start":{"line":85,"column":2},"end":{"line":85,"column":3}},"loc":{"start":{"line":85,"column":25},"end":{"line":119,"column":3}},"line":85},"3":{"name":"(anonymous_3)","decl":{"start":{"line":124,"column":2},"end":{"line":124,"column":3}},"loc":{"start":{"line":124,"column":25},"end":{"line":156,"column":3}},"line":124},"4":{"name":"(anonymous_4)","decl":{"start":{"line":134,"column":49},"end":{"line":134,"column":50}},"loc":{"start":{"line":134,"column":55},"end":{"line":134,"column":58}},"line":134},"5":{"name":"(anonymous_5)","decl":{"start":{"line":161,"column":2},"end":{"line":161,"column":3}},"loc":{"start":{"line":161,"column":25},"end":{"line":207,"column":3}},"line":161},"6":{"name":"(anonymous_6)","decl":{"start":{"line":178,"column":46},"end":{"line":178,"column":47}},"loc":{"start":{"line":178,"column":53},"end":{"line":178,"column":65}},"line":178},"7":{"name":"(anonymous_7)","decl":{"start":{"line":212,"column":2},"end":{"line":212,"column":3}},"loc":{"start":{"line":212,"column":25},"end":{"line":247,"column":3}},"line":212},"8":{"name":"(anonymous_8)","decl":{"start":{"line":252,"column":2},"end":{"line":252,"column":3}},"loc":{"start":{"line":252,"column":30},"end":{"line":279,"column":3}},"line":252},"9":{"name":"(anonymous_9)","decl":{"start":{"line":263,"column":35},"end":{"line":263,"column":36}},"loc":{"start":{"line":263,"column":41},"end":{"line":263,"column":44}},"line":263}},"branchMap":{"0":{"loc":{"start":{"line":17,"column":8},"end":{"line":17,"column":16}},"type":"default-arg","locations":[{"start":{"line":17,"column":15},"end":{"line":17,"column":16}}],"line":17},"1":{"loc":{"start":{"line":18,"column":8},"end":{"line":18,"column":21}},"type":"default-arg","locations":[{"start":{"line":18,"column":19},"end":{"line":18,"column":21}}],"line":18},"2":{"loc":{"start":{"line":21,"column":8},"end":{"line":21,"column":22}},"type":"default-arg","locations":[{"start":{"line":21,"column":18},"end":{"line":21,"column":22}}],"line":21},"3":{"loc":{"start":{"line":22,"column":8},"end":{"line":22,"column":22}},"type":"default-arg","locations":[{"start":{"line":22,"column":16},"end":{"line":22,"column":22}}],"line":22},"4":{"loc":{"start":{"line":33,"column":6},"end":{"line":36,"column":7}},"type":"if","locations":[{"start":{"line":33,"column":6},"end":{"line":36,"column":7}},{"start":{},"end":{}}],"line":33},"5":{"loc":{"start":{"line":33,"column":10},"end":{"line":33,"column":47}},"type":"binary-expr","locations":[{"start":{"line":33,"column":10},"end":{"line":33,"column":30}},{"start":{"line":33,"column":34},"end":{"line":33,"column":47}}],"line":33},"6":{"loc":{"start":{"line":39,"column":6},"end":{"line":42,"column":7}},"type":"if","locations":[{"start":{"line":39,"column":6},"end":{"line":42,"column":7}},{"start":{},"end":{}}],"line":39},"7":{"loc":{"start":{"line":89,"column":6},"end":{"line":94,"column":7}},"type":"if","locations":[{"start":{"line":89,"column":6},"end":{"line":94,"column":7}},{"start":{},"end":{}}],"line":89},"8":{"loc":{"start":{"line":99,"column":6},"end":{"line":104,"column":7}},"type":"if","locations":[{"start":{"line":99,"column":6},"end":{"line":104,"column":7}},{"start":{},"end":{}}],"line":99},"9":{"loc":{"start":{"line":166,"column":6},"end":{"line":171,"column":7}},"type":"if","locations":[{"start":{"line":166,"column":6},"end":{"line":171,"column":7}},{"start":{},"end":{}}],"line":166},"10":{"loc":{"start":{"line":187,"column":6},"end":{"line":192,"column":7}},"type":"if","locations":[{"start":{"line":187,"column":6},"end":{"line":192,"column":7}},{"start":{},"end":{}}],"line":187},"11":{"loc":{"start":{"line":216,"column":6},"end":{"line":221,"column":7}},"type":"if","locations":[{"start":{"line":216,"column":6},"end":{"line":221,"column":7}},{"start":{},"end":{}}],"line":216},"12":{"loc":{"start":{"line":225,"column":6},"end":{"line":230,"column":7}},"type":"if","locations":[{"start":{"line":225,"column":6},"end":{"line":230,"column":7}},{"start":{},"end":{}}],"line":225},"13":{"loc":{"start":{"line":256,"column":6},"end":{"line":261,"column":7}},"type":"if","locations":[{"start":{"line":256,"column":6},"end":{"line":261,"column":7}},{"start":{},"end":{}}],"line":256},"14":{"loc":{"start":{"line":256,"column":10},"end":{"line":256,"column":57}},"type":"binary-expr","locations":[{"start":{"line":256,"column":10},"end":{"line":256,"column":14}},{"start":{"line":256,"column":18},"end":{"line":256,"column":37}},{"start":{"line":256,"column":41},"end":{"line":256,"column":57}}],"line":256}},"s":{"0":0,"1":0,"2":0,"3":0,"4":0,"5":0,"6":0,"7":0,"8":0,"9":0,"10":0,"11":0,"12":0,"13":0,"14":0,"15":0,"16":0,"17":0,"18":0,"19":0,"20":0,"21":0,"22":0,"23":0,"24":0,"25":0,"26":0,"27":0,"28":0,"29":0,"30":0,"31":0,"32":0,"33":0,"34":0,"35":0,"36":0,"37":0,"38":0,"39":0,"40":0,"41":0,"42":0,"43":0,"44":0,"45":0,"46":0,"47":0,"48":0,"49":0,"50":0,"51":0,"52":0,"53":0,"54":0,"55":0,"56":0,"57":0,"58":0,"59":0,"60":0,"61":0,"62":0,"63":0,"64":0,"65":0,"66":0,"67":0,"68":0,"69":0,"70":0,"71":0,"72":0,"73":0,"74":0,"75":0,"76":0,"77":0,"78":0,"79":0,"80":0,"81":0,"82":0,"83":0,"84":0,"85":0,"86":0,"87":0,"88":0,"89":0,"90":0,"91":0,"92":0},"f":{"0":0,"1":0,"2":0,"3":0,"4":0,"5":0,"6":0,"7":0,"8":0,"9":0},"b":{"0":[0],"1":[0],"2":[0],"3":[0],"4":[0,0],"5":[0,0],"6":[0,0],"7":[0,0],"8":[0,0],"9":[0,0],"10":[0,0],"11":[0,0],"12":[0,0],"13":[0,0],"14":[0,0,0]}}
,"/Users/qiao/Documents/workspaces/资料管理小程序/exam-system/api-service/src/controllers/auth.controller.js": {"path":"/Users/qiao/Documents/workspaces/资料管理小程序/exam-system/api-service/src/controllers/auth.controller.js","statementMap":{"0":{"start":{"line":1,"column":11},"end":{"line":1,"column":33}},"1":{"start":{"line":2,"column":12},"end":{"line":2,"column":35}},"2":{"start":{"line":4,"column":19},"end":{"line":4,"column":62}},"3":{"start":{"line":7,"column":27},"end":{"line":9,"column":1}},"4":{"start":{"line":8,"column":2},"end":{"line":8,"column":74}},"5":{"start":{"line":12,"column":0},"end":{"line":95,"column":2}},"6":{"start":{"line":13,"column":2},"end":{"line":94,"column":3}},"7":{"start":{"line":14,"column":31},"end":{"line":14,"column":39}},"8":{"start":{"line":16,"column":4},"end":{"line":21,"column":5}},"9":{"start":{"line":17,"column":6},"end":{"line":20,"column":9}},"10":{"start":{"line":25,"column":19},"end":{"line":25,"column":31}},"11":{"start":{"line":28,"column":18},"end":{"line":31,"column":5}},"12":{"start":{"line":35,"column":4},"end":{"line":68,"column":5}},"13":{"start":{"line":37,"column":25},"end":{"line":37,"column":45}},"14":{"start":{"line":38,"column":21},"end":{"line":38,"column":24}},"15":{"start":{"line":40,"column":21},"end":{"line":50,"column":7}},"16":{"start":{"line":52,"column":6},"end":{"line":59,"column":8}},"17":{"start":{"line":62,"column":6},"end":{"line":65,"column":8}},"18":{"start":{"line":67,"column":6},"end":{"line":67,"column":22}},"19":{"start":{"line":71,"column":4},"end":{"line":71,"column":97}},"20":{"start":{"line":73,"column":4},"end":{"line":86,"column":7}},"21":{"start":{"line":88,"column":4},"end":{"line":88,"column":34}},"22":{"start":{"line":89,"column":4},"end":{"line":93,"column":7}},"23":{"start":{"line":98,"column":0},"end":{"line":125,"column":2}},"24":{"start":{"line":99,"column":2},"end":{"line":124,"column":3}},"25":{"start":{"line":100,"column":19},"end":{"line":100,"column":29}},"26":{"start":{"line":102,"column":18},"end":{"line":105,"column":5}},"27":{"start":{"line":107,"column":4},"end":{"line":112,"column":5}},"28":{"start":{"line":108,"column":6},"end":{"line":111,"column":9}},"29":{"start":{"line":114,"column":4},"end":{"line":117,"column":7}},"30":{"start":{"line":119,"column":4},"end":{"line":119,"column":38}},"31":{"start":{"line":120,"column":4},"end":{"line":123,"column":7}}},"fnMap":{"0":{"name":"(anonymous_0)","decl":{"start":{"line":7,"column":27},"end":{"line":7,"column":28}},"loc":{"start":{"line":7,"column":33},"end":{"line":9,"column":1}},"line":7},"1":{"name":"(anonymous_1)","decl":{"start":{"line":12,"column":16},"end":{"line":12,"column":17}},"loc":{"start":{"line":12,"column":36},"end":{"line":95,"column":1}},"line":12},"2":{"name":"(anonymous_2)","decl":{"start":{"line":98,"column":22},"end":{"line":98,"column":23}},"loc":{"start":{"line":98,"column":42},"end":{"line":125,"column":1}},"line":98}},"branchMap":{"0":{"loc":{"start":{"line":4,"column":19},"end":{"line":4,"column":62}},"type":"binary-expr","locations":[{"start":{"line":4,"column":19},"end":{"line":4,"column":41}},{"start":{"line":4,"column":45},"end":{"line":4,"column":62}}],"line":4},"1":{"loc":{"start":{"line":16,"column":4},"end":{"line":21,"column":5}},"type":"if","locations":[{"start":{"line":16,"column":4},"end":{"line":21,"column":5}},{"start":{},"end":{}}],"line":16},"2":{"loc":{"start":{"line":35,"column":4},"end":{"line":68,"column":5}},"type":"if","locations":[{"start":{"line":35,"column":4},"end":{"line":68,"column":5}},{"start":{"line":66,"column":11},"end":{"line":68,"column":5}}],"line":35},"3":{"loc":{"start":{"line":44,"column":10},"end":{"line":44,"column":38}},"type":"binary-expr","locations":[{"start":{"line":44,"column":10},"end":{"line":44,"column":28}},{"start":{"line":44,"column":32},"end":{"line":44,"column":38}}],"line":44},"4":{"loc":{"start":{"line":45,"column":10},"end":{"line":45,"column":37}},"type":"binary-expr","locations":[{"start":{"line":45,"column":10},"end":{"line":45,"column":29}},{"start":{"line":45,"column":33},"end":{"line":45,"column":37}}],"line":45},"5":{"loc":{"start":{"line":46,"column":10},"end":{"line":46,"column":31}},"type":"binary-expr","locations":[{"start":{"line":46,"column":10},"end":{"line":46,"column":26}},{"start":{"line":46,"column":30},"end":{"line":46,"column":31}}],"line":46},"6":{"loc":{"start":{"line":55,"column":18},"end":{"line":55,"column":46}},"type":"binary-expr","locations":[{"start":{"line":55,"column":18},"end":{"line":55,"column":36}},{"start":{"line":55,"column":40},"end":{"line":55,"column":46}}],"line":55},"7":{"loc":{"start":{"line":56,"column":19},"end":{"line":56,"column":46}},"type":"binary-expr","locations":[{"start":{"line":56,"column":19},"end":{"line":56,"column":38}},{"start":{"line":56,"column":42},"end":{"line":56,"column":46}}],"line":56},"8":{"loc":{"start":{"line":107,"column":4},"end":{"line":112,"column":5}},"type":"if","locations":[{"start":{"line":107,"column":4},"end":{"line":112,"column":5}},{"start":{},"end":{}}],"line":107}},"s":{"0":0,"1":0,"2":0,"3":0,"4":0,"5":0,"6":0,"7":0,"8":0,"9":0,"10":0,"11":0,"12":0,"13":0,"14":0,"15":0,"16":0,"17":0,"18":0,"19":0,"20":0,"21":0,"22":0,"23":0,"24":0,"25":0,"26":0,"27":0,"28":0,"29":0,"30":0,"31":0},"f":{"0":0,"1":0,"2":0},"b":{"0":[0,0],"1":[0,0],"2":[0,0],"3":[0,0],"4":[0,0],"5":[0,0],"6":[0,0],"7":[0,0],"8":[0,0]}}
,"/Users/qiao/Documents/workspaces/资料管理小程序/exam-system/api-service/src/controllers/base.controller.js": {"path":"/Users/qiao/Documents/workspaces/资料管理小程序/exam-system/api-service/src/controllers/base.controller.js","statementMap":{"0":{"start":{"line":1,"column":20},"end":{"line":1,"column":55}},"1":{"start":{"line":11,"column":0},"end":{"line":28,"column":2}},"2":{"start":{"line":12,"column":2},"end":{"line":27,"column":3}},"3":{"start":{"line":13,"column":19},"end":{"line":13,"column":48}},"4":{"start":{"line":15,"column":4},"end":{"line":19,"column":7}},"5":{"start":{"line":21,"column":4},"end":{"line":21,"column":63}},"6":{"start":{"line":22,"column":4},"end":{"line":26,"column":7}},"7":{"start":{"line":33,"column":0},"end":{"line":50,"column":2}},"8":{"start":{"line":34,"column":2},"end":{"line":49,"column":3}},"9":{"start":{"line":35,"column":19},"end":{"line":35,"column":48}},"10":{"start":{"line":37,"column":4},"end":{"line":41,"column":7}},"11":{"start":{"line":43,"column":4},"end":{"line":43,"column":63}},"12":{"start":{"line":44,"column":4},"end":{"line":48,"column":7}},"13":{"start":{"line":55,"column":0},"end":{"line":72,"column":2}},"14":{"start":{"line":56,"column":2},"end":{"line":71,"column":3}},"15":{"start":{"line":57,"column":21},"end":{"line":57,"column":52}},"16":{"start":{"line":59,"column":4},"end":{"line":63,"column":7}},"17":{"start":{"line":65,"column":4},"end":{"line":65,"column":65}},"18":{"start":{"line":66,"column":4},"end":{"line":70,"column":7}},"19":{"start":{"line":77,"column":0},"end":{"line":95,"column":2}},"20":{"start":{"line":78,"column":2},"end":{"line":94,"column":3}},"21":{"start":{"line":79,"column":23},"end":{"line":79,"column":33}},"22":{"start":{"line":80,"column":17},"end":{"line":80,"column":56}},"23":{"start":{"line":82,"column":4},"end":{"line":86,"column":7}},"24":{"start":{"line":88,"column":4},"end":{"line":88,"column":67}},"25":{"start":{"line":89,"column":4},"end":{"line":93,"column":7}}},"fnMap":{"0":{"name":"(anonymous_0)","decl":{"start":{"line":11,"column":20},"end":{"line":11,"column":21}},"loc":{"start":{"line":11,"column":40},"end":{"line":28,"column":1}},"line":11},"1":{"name":"(anonymous_1)","decl":{"start":{"line":33,"column":20},"end":{"line":33,"column":21}},"loc":{"start":{"line":33,"column":40},"end":{"line":50,"column":1}},"line":33},"2":{"name":"(anonymous_2)","decl":{"start":{"line":55,"column":22},"end":{"line":55,"column":23}},"loc":{"start":{"line":55,"column":42},"end":{"line":72,"column":1}},"line":55},"3":{"name":"(anonymous_3)","decl":{"start":{"line":77,"column":24},"end":{"line":77,"column":25}},"loc":{"start":{"line":77,"column":44},"end":{"line":95,"column":1}},"line":77}},"branchMap":{},"s":{"0":0,"1":0,"2":0,"3":0,"4":0,"5":0,"6":0,"7":0,"8":0,"9":0,"10":0,"11":0,"12":0,"13":0,"14":0,"15":0,"16":0,"17":0,"18":0,"19":0,"20":0,"21":0,"22":0,"23":0,"24":0,"25":0},"f":{"0":0,"1":0,"2":0,"3":0},"b":{}}
,"/Users/qiao/Documents/workspaces/资料管理小程序/exam-system/api-service/src/controllers/exam.controller.js": {"path":"/Users/qiao/Documents/workspaces/资料管理小程序/exam-system/api-service/src/controllers/exam.controller.js","statementMap":{"0":{"start":{"line":1,"column":11},"end":{"line":1,"column":33}},"1":{"start":{"line":2,"column":18},"end":{"line":2,"column":42}},"2":{"start":{"line":5,"column":0},"end":{"line":159,"column":2}},"3":{"start":{"line":6,"column":2},"end":{"line":158,"column":3}},"4":{"start":{"line":7,"column":115},"end":{"line":7,"column":124}},"5":{"start":{"line":9,"column":4},"end":{"line":9,"column":132}},"6":{"start":{"line":12,"column":23},"end":{"line":12,"column":39}},"7":{"start":{"line":13,"column":19},"end":{"line":13,"column":21}},"8":{"start":{"line":15,"column":4},"end":{"line":22,"column":5}},"9":{"start":{"line":16,"column":6},"end":{"line":16,"column":39}},"10":{"start":{"line":17,"column":24},"end":{"line":17,"column":40}},"11":{"start":{"line":18,"column":6},"end":{"line":20,"column":7}},"12":{"start":{"line":19,"column":8},"end":{"line":19,"column":75}},"13":{"start":{"line":21,"column":6},"end":{"line":21,"column":29}},"14":{"start":{"line":23,"column":4},"end":{"line":30,"column":5}},"15":{"start":{"line":24,"column":6},"end":{"line":24,"column":40}},"16":{"start":{"line":25,"column":25},"end":{"line":25,"column":42}},"17":{"start":{"line":26,"column":6},"end":{"line":28,"column":7}},"18":{"start":{"line":27,"column":8},"end":{"line":27,"column":76}},"19":{"start":{"line":29,"column":6},"end":{"line":29,"column":30}},"20":{"start":{"line":31,"column":4},"end":{"line":38,"column":5}},"21":{"start":{"line":32,"column":6},"end":{"line":32,"column":42}},"22":{"start":{"line":33,"column":27},"end":{"line":33,"column":46}},"23":{"start":{"line":34,"column":6},"end":{"line":36,"column":7}},"24":{"start":{"line":35,"column":8},"end":{"line":35,"column":78}},"25":{"start":{"line":37,"column":6},"end":{"line":37,"column":32}},"26":{"start":{"line":40,"column":4},"end":{"line":58,"column":5}},"27":{"start":{"line":41,"column":23},"end":{"line":41,"column":38}},"28":{"start":{"line":42,"column":6},"end":{"line":44,"column":7}},"29":{"start":{"line":43,"column":8},"end":{"line":43,"column":74}},"30":{"start":{"line":47,"column":24},"end":{"line":47,"column":89}},"31":{"start":{"line":48,"column":6},"end":{"line":57,"column":7}},"32":{"start":{"line":49,"column":25},"end":{"line":49,"column":43}},"33":{"start":{"line":51,"column":8},"end":{"line":51,"column":95}},"34":{"start":{"line":52,"column":8},"end":{"line":52,"column":40}},"35":{"start":{"line":55,"column":8},"end":{"line":55,"column":40}},"36":{"start":{"line":56,"column":8},"end":{"line":56,"column":30}},"37":{"start":{"line":60,"column":4},"end":{"line":67,"column":5}},"38":{"start":{"line":61,"column":6},"end":{"line":61,"column":44}},"39":{"start":{"line":62,"column":28},"end":{"line":62,"column":48}},"40":{"start":{"line":63,"column":6},"end":{"line":65,"column":7}},"41":{"start":{"line":64,"column":8},"end":{"line":64,"column":79}},"42":{"start":{"line":66,"column":6},"end":{"line":66,"column":33}},"43":{"start":{"line":68,"column":4},"end":{"line":70,"column":5}},"44":{"start":{"line":69,"column":6},"end":{"line":69,"column":40}},"45":{"start":{"line":72,"column":4},"end":{"line":79,"column":5}},"46":{"start":{"line":73,"column":6},"end":{"line":73,"column":37}},"47":{"start":{"line":74,"column":27},"end":{"line":74,"column":46}},"48":{"start":{"line":75,"column":6},"end":{"line":77,"column":7}},"49":{"start":{"line":76,"column":8},"end":{"line":76,"column":78}},"50":{"start":{"line":78,"column":6},"end":{"line":78,"column":32}},"51":{"start":{"line":80,"column":4},"end":{"line":91,"column":5}},"52":{"start":{"line":81,"column":26},"end":{"line":81,"column":44}},"53":{"start":{"line":82,"column":6},"end":{"line":84,"column":7}},"54":{"start":{"line":83,"column":8},"end":{"line":83,"column":88}},"55":{"start":{"line":86,"column":6},"end":{"line":90,"column":7}},"56":{"start":{"line":87,"column":8},"end":{"line":87,"column":55}},"57":{"start":{"line":88,"column":13},"end":{"line":90,"column":7}},"58":{"start":{"line":89,"column":8},"end":{"line":89,"column":58}},"59":{"start":{"line":93,"column":24},"end":{"line":93,"column":48}},"60":{"start":{"line":94,"column":4},"end":{"line":94,"column":51}},"61":{"start":{"line":95,"column":4},"end":{"line":95,"column":47}},"62":{"start":{"line":98,"column":21},"end":{"line":98,"column":81}},"63":{"start":{"line":99,"column":24},"end":{"line":99,"column":56}},"64":{"start":{"line":100,"column":18},"end":{"line":100,"column":38}},"65":{"start":{"line":101,"column":4},"end":{"line":101,"column":42}},"66":{"start":{"line":104,"column":21},"end":{"line":104,"column":42}},"67":{"start":{"line":105,"column":20},"end":{"line":105,"column":39}},"68":{"start":{"line":106,"column":22},"end":{"line":106,"column":46}},"69":{"start":{"line":108,"column":4},"end":{"line":108,"column":69}},"70":{"start":{"line":111,"column":25},"end":{"line":111,"column":345}},"71":{"start":{"line":112,"column":23},"end":{"line":112,"column":240}},"72":{"start":{"line":113,"column":24},"end":{"line":113,"column":84}},"73":{"start":{"line":120,"column":4},"end":{"line":126,"column":5}},"74":{"start":{"line":121,"column":6},"end":{"line":121,"column":154}},"75":{"start":{"line":122,"column":6},"end":{"line":122,"column":27}},"76":{"start":{"line":124,"column":6},"end":{"line":124,"column":129}},"77":{"start":{"line":125,"column":6},"end":{"line":125,"column":27}},"78":{"start":{"line":128,"column":4},"end":{"line":128,"column":50}},"79":{"start":{"line":129,"column":4},"end":{"line":129,"column":66}},"80":{"start":{"line":130,"column":17},"end":{"line":130,"column":53}},"81":{"start":{"line":131,"column":4},"end":{"line":131,"column":55}},"82":{"start":{"line":134,"column":4},"end":{"line":141,"column":7}},"83":{"start":{"line":135,"column":6},"end":{"line":137,"column":7}},"84":{"start":{"line":136,"column":8},"end":{"line":136,"column":64}},"85":{"start":{"line":138,"column":6},"end":{"line":140,"column":7}},"86":{"start":{"line":139,"column":8},"end":{"line":139,"column":68}},"87":{"start":{"line":143,"column":4},"end":{"line":151,"column":7}},"88":{"start":{"line":153,"column":4},"end":{"line":153,"column":38}},"89":{"start":{"line":154,"column":4},"end":{"line":157,"column":7}},"90":{"start":{"line":162,"column":0},"end":{"line":210,"column":2}},"91":{"start":{"line":163,"column":2},"end":{"line":209,"column":3}},"92":{"start":{"line":164,"column":19},"end":{"line":164,"column":29}},"93":{"start":{"line":166,"column":18},"end":{"line":181,"column":5}},"94":{"start":{"line":183,"column":4},"end":{"line":188,"column":5}},"95":{"start":{"line":184,"column":6},"end":{"line":187,"column":9}},"96":{"start":{"line":191,"column":17},"end":{"line":191,"column":25}},"97":{"start":{"line":192,"column":4},"end":{"line":194,"column":5}},"98":{"start":{"line":193,"column":6},"end":{"line":193,"column":62}},"99":{"start":{"line":195,"column":4},"end":{"line":197,"column":5}},"100":{"start":{"line":196,"column":6},"end":{"line":196,"column":66}},"101":{"start":{"line":199,"column":4},"end":{"line":202,"column":7}},"102":{"start":{"line":204,"column":4},"end":{"line":204,"column":38}},"103":{"start":{"line":205,"column":4},"end":{"line":208,"column":7}},"104":{"start":{"line":213,"column":0},"end":{"line":292,"column":2}},"105":{"start":{"line":214,"column":2},"end":{"line":291,"column":3}},"106":{"start":{"line":215,"column":19},"end":{"line":215,"column":29}},"107":{"start":{"line":216,"column":19},"end":{"line":216,"column":29}},"108":{"start":{"line":217,"column":34},"end":{"line":217,"column":43}},"109":{"start":{"line":220,"column":18},"end":{"line":220,"column":74}},"110":{"start":{"line":221,"column":4},"end":{"line":226,"column":5}},"111":{"start":{"line":222,"column":6},"end":{"line":225,"column":9}},"112":{"start":{"line":228,"column":17},"end":{"line":228,"column":25}},"113":{"start":{"line":231,"column":19},"end":{"line":234,"column":5}},"114":{"start":{"line":236,"column":4},"end":{"line":241,"column":5}},"115":{"start":{"line":237,"column":6},"end":{"line":240,"column":9}},"116":{"start":{"line":244,"column":22},"end":{"line":244,"column":35}},"117":{"start":{"line":245,"column":23},"end":{"line":245,"column":27}},"118":{"start":{"line":247,"column":4},"end":{"line":256,"column":5}},"119":{"start":{"line":248,"column":6},"end":{"line":253,"column":7}},"120":{"start":{"line":249,"column":8},"end":{"line":252,"column":11}},"121":{"start":{"line":254,"column":6},"end":{"line":254,"column":36}},"122":{"start":{"line":255,"column":6},"end":{"line":255,"column":26}},"123":{"start":{"line":259,"column":4},"end":{"line":259,"column":56}},"124":{"start":{"line":262,"column":4},"end":{"line":271,"column":6}},"125":{"start":{"line":274,"column":4},"end":{"line":274,"column":94}},"126":{"start":{"line":276,"column":4},"end":{"line":284,"column":7}},"127":{"start":{"line":286,"column":4},"end":{"line":286,"column":36}},"128":{"start":{"line":287,"column":4},"end":{"line":290,"column":7}},"129":{"start":{"line":295,"column":0},"end":{"line":351,"column":2}},"130":{"start":{"line":296,"column":2},"end":{"line":350,"column":3}},"131":{"start":{"line":297,"column":19},"end":{"line":297,"column":29}},"132":{"start":{"line":298,"column":37},"end":{"line":298,"column":46}},"133":{"start":{"line":299,"column":20},"end":{"line":299,"column":39}},"134":{"start":{"line":300,"column":21},"end":{"line":300,"column":42}},"135":{"start":{"line":301,"column":19},"end":{"line":301,"column":43}},"136":{"start":{"line":303,"column":4},"end":{"line":303,"column":85}},"137":{"start":{"line":306,"column":24},"end":{"line":309,"column":5}},"138":{"start":{"line":310,"column":18},"end":{"line":310,"column":38}},"139":{"start":{"line":311,"column":4},"end":{"line":311,"column":42}},"140":{"start":{"line":314,"column":20},"end":{"line":329,"column":39}},"141":{"start":{"line":331,"column":4},"end":{"line":331,"column":66}},"142":{"start":{"line":332,"column":17},"end":{"line":332,"column":50}},"143":{"start":{"line":333,"column":4},"end":{"line":333,"column":55}},"144":{"start":{"line":335,"column":4},"end":{"line":343,"column":7}},"145":{"start":{"line":345,"column":4},"end":{"line":345,"column":38}},"146":{"start":{"line":346,"column":4},"end":{"line":349,"column":7}},"147":{"start":{"line":354,"column":0},"end":{"line":418,"column":2}},"148":{"start":{"line":355,"column":2},"end":{"line":417,"column":3}},"149":{"start":{"line":356,"column":46},"end":{"line":356,"column":55}},"150":{"start":{"line":358,"column":4},"end":{"line":363,"column":5}},"151":{"start":{"line":359,"column":6},"end":{"line":362,"column":9}},"152":{"start":{"line":365,"column":20},"end":{"line":365,"column":39}},"153":{"start":{"line":366,"column":21},"end":{"line":366,"column":42}},"154":{"start":{"line":367,"column":19},"end":{"line":367,"column":43}},"155":{"start":{"line":368,"column":24},"end":{"line":368,"column":38}},"156":{"start":{"line":370,"column":4},"end":{"line":370,"column":84}},"157":{"start":{"line":373,"column":24},"end":{"line":376,"column":5}},"158":{"start":{"line":377,"column":18},"end":{"line":377,"column":38}},"159":{"start":{"line":378,"column":4},"end":{"line":378,"column":39}},"160":{"start":{"line":381,"column":20},"end":{"line":396,"column":39}},"161":{"start":{"line":398,"column":4},"end":{"line":398,"column":63}},"162":{"start":{"line":399,"column":17},"end":{"line":399,"column":55}},"163":{"start":{"line":400,"column":4},"end":{"line":400,"column":52}},"164":{"start":{"line":402,"column":4},"end":{"line":410,"column":7}},"165":{"start":{"line":412,"column":4},"end":{"line":412,"column":36}},"166":{"start":{"line":413,"column":4},"end":{"line":416,"column":7}}},"fnMap":{"0":{"name":"(anonymous_0)","decl":{"start":{"line":5,"column":18},"end":{"line":5,"column":19}},"loc":{"start":{"line":5,"column":38},"end":{"line":159,"column":1}},"line":5},"1":{"name":"(anonymous_1)","decl":{"start":{"line":134,"column":17},"end":{"line":134,"column":18}},"loc":{"start":{"line":134,"column":25},"end":{"line":141,"column":5}},"line":134},"2":{"name":"(anonymous_2)","decl":{"start":{"line":162,"column":20},"end":{"line":162,"column":21}},"loc":{"start":{"line":162,"column":40},"end":{"line":210,"column":1}},"line":162},"3":{"name":"(anonymous_3)","decl":{"start":{"line":213,"column":19},"end":{"line":213,"column":20}},"loc":{"start":{"line":213,"column":39},"end":{"line":292,"column":1}},"line":213},"4":{"name":"(anonymous_4)","decl":{"start":{"line":295,"column":23},"end":{"line":295,"column":24}},"loc":{"start":{"line":295,"column":43},"end":{"line":351,"column":1}},"line":295},"5":{"name":"(anonymous_5)","decl":{"start":{"line":354,"column":17},"end":{"line":354,"column":18}},"loc":{"start":{"line":354,"column":37},"end":{"line":418,"column":1}},"line":354}},"branchMap":{"0":{"loc":{"start":{"line":7,"column":69},"end":{"line":7,"column":77}},"type":"default-arg","locations":[{"start":{"line":7,"column":76},"end":{"line":7,"column":77}}],"line":7},"1":{"loc":{"start":{"line":7,"column":79},"end":{"line":7,"column":89}},"type":"default-arg","locations":[{"start":{"line":7,"column":87},"end":{"line":7,"column":89}}],"line":7},"2":{"loc":{"start":{"line":15,"column":4},"end":{"line":22,"column":5}},"type":"if","locations":[{"start":{"line":15,"column":4},"end":{"line":22,"column":5}},{"start":{},"end":{}}],"line":15},"3":{"loc":{"start":{"line":18,"column":6},"end":{"line":20,"column":7}},"type":"if","locations":[{"start":{"line":18,"column":6},"end":{"line":20,"column":7}},{"start":{},"end":{}}],"line":18},"4":{"loc":{"start":{"line":23,"column":4},"end":{"line":30,"column":5}},"type":"if","locations":[{"start":{"line":23,"column":4},"end":{"line":30,"column":5}},{"start":{},"end":{}}],"line":23},"5":{"loc":{"start":{"line":26,"column":6},"end":{"line":28,"column":7}},"type":"if","locations":[{"start":{"line":26,"column":6},"end":{"line":28,"column":7}},{"start":{},"end":{}}],"line":26},"6":{"loc":{"start":{"line":31,"column":4},"end":{"line":38,"column":5}},"type":"if","locations":[{"start":{"line":31,"column":4},"end":{"line":38,"column":5}},{"start":{},"end":{}}],"line":31},"7":{"loc":{"start":{"line":34,"column":6},"end":{"line":36,"column":7}},"type":"if","locations":[{"start":{"line":34,"column":6},"end":{"line":36,"column":7}},{"start":{},"end":{}}],"line":34},"8":{"loc":{"start":{"line":40,"column":4},"end":{"line":58,"column":5}},"type":"if","locations":[{"start":{"line":40,"column":4},"end":{"line":58,"column":5}},{"start":{},"end":{}}],"line":40},"9":{"loc":{"start":{"line":42,"column":6},"end":{"line":44,"column":7}},"type":"if","locations":[{"start":{"line":42,"column":6},"end":{"line":44,"column":7}},{"start":{},"end":{}}],"line":42},"10":{"loc":{"start":{"line":48,"column":6},"end":{"line":57,"column":7}},"type":"if","locations":[{"start":{"line":48,"column":6},"end":{"line":57,"column":7}},{"start":{"line":53,"column":13},"end":{"line":57,"column":7}}],"line":48},"11":{"loc":{"start":{"line":60,"column":4},"end":{"line":67,"column":5}},"type":"if","locations":[{"start":{"line":60,"column":4},"end":{"line":67,"column":5}},{"start":{},"end":{}}],"line":60},"12":{"loc":{"start":{"line":63,"column":6},"end":{"line":65,"column":7}},"type":"if","locations":[{"start":{"line":63,"column":6},"end":{"line":65,"column":7}},{"start":{},"end":{}}],"line":63},"13":{"loc":{"start":{"line":68,"column":4},"end":{"line":70,"column":5}},"type":"if","locations":[{"start":{"line":68,"column":4},"end":{"line":70,"column":5}},{"start":{},"end":{}}],"line":68},"14":{"loc":{"start":{"line":72,"column":4},"end":{"line":79,"column":5}},"type":"if","locations":[{"start":{"line":72,"column":4},"end":{"line":79,"column":5}},{"start":{},"end":{}}],"line":72},"15":{"loc":{"start":{"line":75,"column":6},"end":{"line":77,"column":7}},"type":"if","locations":[{"start":{"line":75,"column":6},"end":{"line":77,"column":7}},{"start":{},"end":{}}],"line":75},"16":{"loc":{"start":{"line":80,"column":4},"end":{"line":91,"column":5}},"type":"if","locations":[{"start":{"line":80,"column":4},"end":{"line":91,"column":5}},{"start":{},"end":{}}],"line":80},"17":{"loc":{"start":{"line":82,"column":6},"end":{"line":84,"column":7}},"type":"if","locations":[{"start":{"line":82,"column":6},"end":{"line":84,"column":7}},{"start":{},"end":{}}],"line":82},"18":{"loc":{"start":{"line":82,"column":10},"end":{"line":82,"column":66}},"type":"binary-expr","locations":[{"start":{"line":82,"column":10},"end":{"line":82,"column":28}},{"start":{"line":82,"column":32},"end":{"line":82,"column":47}},{"start":{"line":82,"column":51},"end":{"line":82,"column":66}}],"line":82},"19":{"loc":{"start":{"line":86,"column":6},"end":{"line":90,"column":7}},"type":"if","locations":[{"start":{"line":86,"column":6},"end":{"line":90,"column":7}},{"start":{"line":88,"column":13},"end":{"line":90,"column":7}}],"line":86},"20":{"loc":{"start":{"line":88,"column":13},"end":{"line":90,"column":7}},"type":"if","locations":[{"start":{"line":88,"column":13},"end":{"line":90,"column":7}},{"start":{},"end":{}}],"line":88},"21":{"loc":{"start":{"line":104,"column":21},"end":{"line":104,"column":42}},"type":"binary-expr","locations":[{"start":{"line":104,"column":21},"end":{"line":104,"column":36}},{"start":{"line":104,"column":40},"end":{"line":104,"column":42}}],"line":104},"22":{"loc":{"start":{"line":105,"column":20},"end":{"line":105,"column":39}},"type":"binary-expr","locations":[{"start":{"line":105,"column":20},"end":{"line":105,"column":34}},{"start":{"line":105,"column":38},"end":{"line":105,"column":39}}],"line":105},"23":{"loc":{"start":{"line":120,"column":4},"end":{"line":126,"column":5}},"type":"if","locations":[{"start":{"line":120,"column":4},"end":{"line":126,"column":5}},{"start":{"line":123,"column":11},"end":{"line":126,"column":5}}],"line":120},"24":{"loc":{"start":{"line":135,"column":6},"end":{"line":137,"column":7}},"type":"if","locations":[{"start":{"line":135,"column":6},"end":{"line":137,"column":7}},{"start":{},"end":{}}],"line":135},"25":{"loc":{"start":{"line":138,"column":6},"end":{"line":140,"column":7}},"type":"if","locations":[{"start":{"line":138,"column":6},"end":{"line":140,"column":7}},{"start":{},"end":{}}],"line":138},"26":{"loc":{"start":{"line":183,"column":4},"end":{"line":188,"column":5}},"type":"if","locations":[{"start":{"line":183,"column":4},"end":{"line":188,"column":5}},{"start":{},"end":{}}],"line":183},"27":{"loc":{"start":{"line":192,"column":4},"end":{"line":194,"column":5}},"type":"if","locations":[{"start":{"line":192,"column":4},"end":{"line":194,"column":5}},{"start":{},"end":{}}],"line":192},"28":{"loc":{"start":{"line":195,"column":4},"end":{"line":197,"column":5}},"type":"if","locations":[{"start":{"line":195,"column":4},"end":{"line":197,"column":5}},{"start":{},"end":{}}],"line":195},"29":{"loc":{"start":{"line":217,"column":12},"end":{"line":217,"column":29}},"type":"default-arg","locations":[{"start":{"line":217,"column":19},"end":{"line":217,"column":29}}],"line":217},"30":{"loc":{"start":{"line":221,"column":4},"end":{"line":226,"column":5}},"type":"if","locations":[{"start":{"line":221,"column":4},"end":{"line":226,"column":5}},{"start":{},"end":{}}],"line":221},"31":{"loc":{"start":{"line":236,"column":4},"end":{"line":241,"column":5}},"type":"if","locations":[{"start":{"line":236,"column":4},"end":{"line":241,"column":5}},{"start":{},"end":{}}],"line":236},"32":{"loc":{"start":{"line":247,"column":4},"end":{"line":256,"column":5}},"type":"if","locations":[{"start":{"line":247,"column":4},"end":{"line":256,"column":5}},{"start":{},"end":{}}],"line":247},"33":{"loc":{"start":{"line":248,"column":6},"end":{"line":253,"column":7}},"type":"if","locations":[{"start":{"line":248,"column":6},"end":{"line":253,"column":7}},{"start":{},"end":{}}],"line":248},"34":{"loc":{"start":{"line":298,"column":12},"end":{"line":298,"column":20}},"type":"default-arg","locations":[{"start":{"line":298,"column":19},"end":{"line":298,"column":20}}],"line":298},"35":{"loc":{"start":{"line":298,"column":22},"end":{"line":298,"column":32}},"type":"default-arg","locations":[{"start":{"line":298,"column":30},"end":{"line":298,"column":32}}],"line":298},"36":{"loc":{"start":{"line":299,"column":20},"end":{"line":299,"column":39}},"type":"binary-expr","locations":[{"start":{"line":299,"column":20},"end":{"line":299,"column":34}},{"start":{"line":299,"column":38},"end":{"line":299,"column":39}}],"line":299},"37":{"loc":{"start":{"line":300,"column":21},"end":{"line":300,"column":42}},"type":"binary-expr","locations":[{"start":{"line":300,"column":21},"end":{"line":300,"column":36}},{"start":{"line":300,"column":40},"end":{"line":300,"column":42}}],"line":300},"38":{"loc":{"start":{"line":356,"column":21},"end":{"line":356,"column":29}},"type":"default-arg","locations":[{"start":{"line":356,"column":28},"end":{"line":356,"column":29}}],"line":356},"39":{"loc":{"start":{"line":356,"column":31},"end":{"line":356,"column":41}},"type":"default-arg","locations":[{"start":{"line":356,"column":39},"end":{"line":356,"column":41}}],"line":356},"40":{"loc":{"start":{"line":358,"column":4},"end":{"line":363,"column":5}},"type":"if","locations":[{"start":{"line":358,"column":4},"end":{"line":363,"column":5}},{"start":{},"end":{}}],"line":358},"41":{"loc":{"start":{"line":365,"column":20},"end":{"line":365,"column":39}},"type":"binary-expr","locations":[{"start":{"line":365,"column":20},"end":{"line":365,"column":34}},{"start":{"line":365,"column":38},"end":{"line":365,"column":39}}],"line":365},"42":{"loc":{"start":{"line":366,"column":21},"end":{"line":366,"column":42}},"type":"binary-expr","locations":[{"start":{"line":366,"column":21},"end":{"line":366,"column":36}},{"start":{"line":366,"column":40},"end":{"line":366,"column":42}}],"line":366}},"s":{"0":0,"1":0,"2":0,"3":0,"4":0,"5":0,"6":0,"7":0,"8":0,"9":0,"10":0,"11":0,"12":0,"13":0,"14":0,"15":0,"16":0,"17":0,"18":0,"19":0,"20":0,"21":0,"22":0,"23":0,"24":0,"25":0,"26":0,"27":0,"28":0,"29":0,"30":0,"31":0,"32":0,"33":0,"34":0,"35":0,"36":0,"37":0,"38":0,"39":0,"40":0,"41":0,"42":0,"43":0,"44":0,"45":0,"46":0,"47":0,"48":0,"49":0,"50":0,"51":0,"52":0,"53":0,"54":0,"55":0,"56":0,"57":0,"58":0,"59":0,"60":0,"61":0,"62":0,"63":0,"64":0,"65":0,"66":0,"67":0,"68":0,"69":0,"70":0,"71":0,"72":0,"73":0,"74":0,"75":0,"76":0,"77":0,"78":0,"79":0,"80":0,"81":0,"82":0,"83":0,"84":0,"85":0,"86":0,"87":0,"88":0,"89":0,"90":0,"91":0,"92":0,"93":0,"94":0,"95":0,"96":0,"97":0,"98":0,"99":0,"100":0,"101":0,"102":0,"103":0,"104":0,"105":0,"106":0,"107":0,"108":0,"109":0,"110":0,"111":0,"112":0,"113":0,"114":0,"115":0,"116":0,"117":0,"118":0,"119":0,"120":0,"121":0,"122":0,"123":0,"124":0,"125":0,"126":0,"127":0,"128":0,"129":0,"130":0,"131":0,"132":0,"133":0,"134":0,"135":0,"136":0,"137":0,"138":0,"139":0,"140":0,"141":0,"142":0,"143":0,"144":0,"145":0,"146":0,"147":0,"148":0,"149":0,"150":0,"151":0,"152":0,"153":0,"154":0,"155":0,"156":0,"157":0,"158":0,"159":0,"160":0,"161":0,"162":0,"163":0,"164":0,"165":0,"166":0},"f":{"0":0,"1":0,"2":0,"3":0,"4":0,"5":0},"b":{"0":[0],"1":[0],"2":[0,0],"3":[0,0],"4":[0,0],"5":[0,0],"6":[0,0],"7":[0,0],"8":[0,0],"9":[0,0],"10":[0,0],"11":[0,0],"12":[0,0],"13":[0,0],"14":[0,0],"15":[0,0],"16":[0,0],"17":[0,0],"18":[0,0,0],"19":[0,0],"20":[0,0],"21":[0,0],"22":[0,0],"23":[0,0],"24":[0,0],"25":[0,0],"26":[0,0],"27":[0,0],"28":[0,0],"29":[0],"30":[0,0],"31":[0,0],"32":[0,0],"33":[0,0],"34":[0],"35":[0],"36":[0,0],"37":[0,0],"38":[0],"39":[0],"40":[0,0],"41":[0,0],"42":[0,0]}}
,"/Users/qiao/Documents/workspaces/资料管理小程序/exam-system/api-service/src/controllers/subject.controller.js": {"path":"/Users/qiao/Documents/workspaces/资料管理小程序/exam-system/api-service/src/controllers/subject.controller.js","statementMap":{"0":{"start":{"line":1,"column":11},"end":{"line":1,"column":33}},"1":{"start":{"line":4,"column":0},"end":{"line":80,"column":2}},"2":{"start":{"line":5,"column":2},"end":{"line":79,"column":3}},"3":{"start":{"line":6,"column":19},"end":{"line":6,"column":29}},"4":{"start":{"line":7,"column":43},"end":{"line":7,"column":51}},"5":{"start":{"line":9,"column":4},"end":{"line":14,"column":5}},"6":{"start":{"line":10,"column":6},"end":{"line":13,"column":9}},"7":{"start":{"line":17,"column":21},"end":{"line":20,"column":5}},"8":{"start":{"line":22,"column":4},"end":{"line":27,"column":5}},"9":{"start":{"line":23,"column":6},"end":{"line":26,"column":9}},"10":{"start":{"line":30,"column":18},"end":{"line":30,"column":83}},"11":{"start":{"line":31,"column":4},"end":{"line":36,"column":5}},"12":{"start":{"line":32,"column":6},"end":{"line":35,"column":9}},"13":{"start":{"line":38,"column":23},"end":{"line":38,"column":25}},"14":{"start":{"line":39,"column":23},"end":{"line":39,"column":38}},"15":{"start":{"line":41,"column":4},"end":{"line":46,"column":5}},"16":{"start":{"line":42,"column":6},"end":{"line":45,"column":9}},"17":{"start":{"line":49,"column":4},"end":{"line":67,"column":7}},"18":{"start":{"line":51,"column":6},"end":{"line":54,"column":8}},"19":{"start":{"line":57,"column":6},"end":{"line":60,"column":8}},"20":{"start":{"line":63,"column":6},"end":{"line":66,"column":8}},"21":{"start":{"line":69,"column":4},"end":{"line":72,"column":7}},"22":{"start":{"line":74,"column":4},"end":{"line":74,"column":36}},"23":{"start":{"line":75,"column":4},"end":{"line":78,"column":7}},"24":{"start":{"line":83,"column":0},"end":{"line":117,"column":2}},"25":{"start":{"line":84,"column":2},"end":{"line":116,"column":3}},"26":{"start":{"line":85,"column":19},"end":{"line":85,"column":29}},"27":{"start":{"line":87,"column":17},"end":{"line":104,"column":5}},"28":{"start":{"line":106,"column":4},"end":{"line":109,"column":7}},"29":{"start":{"line":111,"column":4},"end":{"line":111,"column":39}},"30":{"start":{"line":112,"column":4},"end":{"line":115,"column":7}},"31":{"start":{"line":120,"column":0},"end":{"line":150,"column":2}},"32":{"start":{"line":121,"column":2},"end":{"line":149,"column":3}},"33":{"start":{"line":122,"column":19},"end":{"line":122,"column":29}},"34":{"start":{"line":123,"column":43},"end":{"line":123,"column":52}},"35":{"start":{"line":125,"column":4},"end":{"line":130,"column":5}},"36":{"start":{"line":126,"column":6},"end":{"line":129,"column":9}},"37":{"start":{"line":132,"column":19},"end":{"line":135,"column":5}},"38":{"start":{"line":137,"column":4},"end":{"line":142,"column":7}},"39":{"start":{"line":144,"column":4},"end":{"line":144,"column":38}},"40":{"start":{"line":145,"column":4},"end":{"line":148,"column":7}}},"fnMap":{"0":{"name":"(anonymous_0)","decl":{"start":{"line":4,"column":15},"end":{"line":4,"column":16}},"loc":{"start":{"line":4,"column":35},"end":{"line":80,"column":1}},"line":4},"1":{"name":"(anonymous_1)","decl":{"start":{"line":49,"column":25},"end":{"line":49,"column":26}},"loc":{"start":{"line":49,"column":47},"end":{"line":67,"column":5}},"line":49},"2":{"name":"(anonymous_2)","decl":{"start":{"line":83,"column":20},"end":{"line":83,"column":21}},"loc":{"start":{"line":83,"column":40},"end":{"line":117,"column":1}},"line":83},"3":{"name":"(anonymous_3)","decl":{"start":{"line":120,"column":16},"end":{"line":120,"column":17}},"loc":{"start":{"line":120,"column":36},"end":{"line":150,"column":1}},"line":120}},"branchMap":{"0":{"loc":{"start":{"line":9,"column":4},"end":{"line":14,"column":5}},"type":"if","locations":[{"start":{"line":9,"column":4},"end":{"line":14,"column":5}},{"start":{},"end":{}}],"line":9},"1":{"loc":{"start":{"line":9,"column":8},"end":{"line":9,"column":41}},"type":"binary-expr","locations":[{"start":{"line":9,"column":8},"end":{"line":9,"column":15}},{"start":{"line":9,"column":19},"end":{"line":9,"column":27}},{"start":{"line":9,"column":31},"end":{"line":9,"column":41}}],"line":9},"2":{"loc":{"start":{"line":22,"column":4},"end":{"line":27,"column":5}},"type":"if","locations":[{"start":{"line":22,"column":4},"end":{"line":27,"column":5}},{"start":{},"end":{}}],"line":22},"3":{"loc":{"start":{"line":31,"column":4},"end":{"line":36,"column":5}},"type":"if","locations":[{"start":{"line":31,"column":4},"end":{"line":36,"column":5}},{"start":{},"end":{}}],"line":31},"4":{"loc":{"start":{"line":41,"column":4},"end":{"line":46,"column":5}},"type":"if","locations":[{"start":{"line":41,"column":4},"end":{"line":46,"column":5}},{"start":{},"end":{}}],"line":41},"5":{"loc":{"start":{"line":125,"column":4},"end":{"line":130,"column":5}},"type":"if","locations":[{"start":{"line":125,"column":4},"end":{"line":130,"column":5}},{"start":{},"end":{}}],"line":125},"6":{"loc":{"start":{"line":125,"column":8},"end":{"line":125,"column":41}},"type":"binary-expr","locations":[{"start":{"line":125,"column":8},"end":{"line":125,"column":15}},{"start":{"line":125,"column":19},"end":{"line":125,"column":27}},{"start":{"line":125,"column":31},"end":{"line":125,"column":41}}],"line":125}},"s":{"0":0,"1":0,"2":0,"3":0,"4":0,"5":0,"6":0,"7":0,"8":0,"9":0,"10":0,"11":0,"12":0,"13":0,"14":0,"15":0,"16":0,"17":0,"18":0,"19":0,"20":0,"21":0,"22":0,"23":0,"24":0,"25":0,"26":0,"27":0,"28":0,"29":0,"30":0,"31":0,"32":0,"33":0,"34":0,"35":0,"36":0,"37":0,"38":0,"39":0,"40":0},"f":{"0":0,"1":0,"2":0,"3":0},"b":{"0":[0,0],"1":[0,0,0],"2":[0,0],"3":[0,0],"4":[0,0],"5":[0,0],"6":[0,0,0]}}
,"/Users/qiao/Documents/workspaces/资料管理小程序/exam-system/api-service/src/controllers/tag.controller.js": {"path":"/Users/qiao/Documents/workspaces/资料管理小程序/exam-system/api-service/src/controllers/tag.controller.js","statementMap":{"0":{"start":{"line":1,"column":11},"end":{"line":1,"column":33}},"1":{"start":{"line":4,"column":0},"end":{"line":43,"column":2}},"2":{"start":{"line":5,"column":2},"end":{"line":42,"column":3}},"3":{"start":{"line":6,"column":23},"end":{"line":6,"column":33}},"4":{"start":{"line":7,"column":30},"end":{"line":7,"column":39}},"5":{"start":{"line":9,"column":14},"end":{"line":9,"column":102}},"6":{"start":{"line":10,"column":19},"end":{"line":10,"column":27}},"7":{"start":{"line":13,"column":4},"end":{"line":19,"column":5}},"8":{"start":{"line":15,"column":6},"end":{"line":15,"column":45}},"9":{"start":{"line":16,"column":11},"end":{"line":19,"column":5}},"10":{"start":{"line":18,"column":6},"end":{"line":18,"column":41}},"11":{"start":{"line":22,"column":4},"end":{"line":26,"column":5}},"12":{"start":{"line":23,"column":6},"end":{"line":23,"column":50}},"13":{"start":{"line":24,"column":26},"end":{"line":24,"column":40}},"14":{"start":{"line":25,"column":6},"end":{"line":25,"column":44}},"15":{"start":{"line":28,"column":4},"end":{"line":28,"column":31}},"16":{"start":{"line":30,"column":17},"end":{"line":30,"column":44}},"17":{"start":{"line":32,"column":4},"end":{"line":35,"column":7}},"18":{"start":{"line":37,"column":4},"end":{"line":37,"column":38}},"19":{"start":{"line":38,"column":4},"end":{"line":41,"column":7}},"20":{"start":{"line":46,"column":0},"end":{"line":63,"column":2}},"21":{"start":{"line":47,"column":2},"end":{"line":62,"column":3}},"22":{"start":{"line":48,"column":17},"end":{"line":50,"column":5}},"23":{"start":{"line":52,"column":4},"end":{"line":55,"column":7}},"24":{"start":{"line":57,"column":4},"end":{"line":57,"column":38}},"25":{"start":{"line":58,"column":4},"end":{"line":61,"column":7}}},"fnMap":{"0":{"name":"(anonymous_0)","decl":{"start":{"line":4,"column":20},"end":{"line":4,"column":21}},"loc":{"start":{"line":4,"column":40},"end":{"line":43,"column":1}},"line":4},"1":{"name":"(anonymous_1)","decl":{"start":{"line":46,"column":17},"end":{"line":46,"column":18}},"loc":{"start":{"line":46,"column":37},"end":{"line":63,"column":1}},"line":46}},"branchMap":{"0":{"loc":{"start":{"line":13,"column":4},"end":{"line":19,"column":5}},"type":"if","locations":[{"start":{"line":13,"column":4},"end":{"line":19,"column":5}},{"start":{"line":16,"column":11},"end":{"line":19,"column":5}}],"line":13},"1":{"loc":{"start":{"line":16,"column":11},"end":{"line":19,"column":5}},"type":"if","locations":[{"start":{"line":16,"column":11},"end":{"line":19,"column":5}},{"start":{},"end":{}}],"line":16},"2":{"loc":{"start":{"line":22,"column":4},"end":{"line":26,"column":5}},"type":"if","locations":[{"start":{"line":22,"column":4},"end":{"line":26,"column":5}},{"start":{},"end":{}}],"line":22}},"s":{"0":0,"1":0,"2":0,"3":0,"4":0,"5":0,"6":0,"7":0,"8":0,"9":0,"10":0,"11":0,"12":0,"13":0,"14":0,"15":0,"16":0,"17":0,"18":0,"19":0,"20":0,"21":0,"22":0,"23":0,"24":0,"25":0},"f":{"0":0,"1":0},"b":{"0":[0,0],"1":[0,0],"2":[0,0]}}
,"/Users/qiao/Documents/workspaces/资料管理小程序/exam-system/api-service/src/controllers/admin/city.controller.js": {"path":"/Users/qiao/Documents/workspaces/资料管理小程序/exam-system/api-service/src/controllers/admin/city.controller.js","statementMap":{"0":{"start":{"line":4,"column":28},"end":{"line":4,"column":62}},"1":{"start":{"line":5,"column":11},"end":{"line":5,"column":36}},"2":{"start":{"line":9,"column":4},"end":{"line":9,"column":20}},"3":{"start":{"line":16,"column":4},"end":{"line":76,"column":5}},"4":{"start":{"line":24,"column":10},"end":{"line":24,"column":18}},"5":{"start":{"line":26,"column":22},"end":{"line":26,"column":36}},"6":{"start":{"line":27,"column":26},"end":{"line":27,"column":44}},"7":{"start":{"line":28,"column":21},"end":{"line":28,"column":48}},"8":{"start":{"line":30,"column":24},"end":{"line":30,"column":35}},"9":{"start":{"line":31,"column":21},"end":{"line":31,"column":23}},"10":{"start":{"line":33,"column":6},"end":{"line":36,"column":7}},"11":{"start":{"line":34,"column":8},"end":{"line":34,"column":41}},"12":{"start":{"line":35,"column":8},"end":{"line":35,"column":28}},"13":{"start":{"line":38,"column":6},"end":{"line":41,"column":7}},"14":{"start":{"line":39,"column":8},"end":{"line":39,"column":63}},"15":{"start":{"line":40,"column":8},"end":{"line":40,"column":52}},"16":{"start":{"line":43,"column":23},"end":{"line":43,"column":76}},"17":{"start":{"line":44,"column":26},"end":{"line":44,"column":58}},"18":{"start":{"line":45,"column":20},"end":{"line":45,"column":40}},"19":{"start":{"line":47,"column":20},"end":{"line":47,"column":31}},"20":{"start":{"line":48,"column":22},"end":{"line":53,"column":7}},"21":{"start":{"line":54,"column":19},"end":{"line":54,"column":50}},"22":{"start":{"line":56,"column":6},"end":{"line":68,"column":9}},"23":{"start":{"line":70,"column":6},"end":{"line":70,"column":40}},"24":{"start":{"line":71,"column":6},"end":{"line":75,"column":9}},"25":{"start":{"line":80,"column":0},"end":{"line":80,"column":38}}},"fnMap":{"0":{"name":"(anonymous_0)","decl":{"start":{"line":8,"column":2},"end":{"line":8,"column":3}},"loc":{"start":{"line":8,"column":16},"end":{"line":10,"column":3}},"line":8},"1":{"name":"(anonymous_1)","decl":{"start":{"line":15,"column":2},"end":{"line":15,"column":3}},"loc":{"start":{"line":15,"column":23},"end":{"line":77,"column":3}},"line":15}},"branchMap":{"0":{"loc":{"start":{"line":18,"column":8},"end":{"line":18,"column":16}},"type":"default-arg","locations":[{"start":{"line":18,"column":15},"end":{"line":18,"column":16}}],"line":18},"1":{"loc":{"start":{"line":19,"column":8},"end":{"line":19,"column":21}},"type":"default-arg","locations":[{"start":{"line":19,"column":19},"end":{"line":19,"column":21}}],"line":19},"2":{"loc":{"start":{"line":22,"column":8},"end":{"line":22,"column":30}},"type":"default-arg","locations":[{"start":{"line":22,"column":18},"end":{"line":22,"column":30}}],"line":22},"3":{"loc":{"start":{"line":23,"column":8},"end":{"line":23,"column":21}},"type":"default-arg","locations":[{"start":{"line":23,"column":16},"end":{"line":23,"column":21}}],"line":23},"4":{"loc":{"start":{"line":33,"column":6},"end":{"line":36,"column":7}},"type":"if","locations":[{"start":{"line":33,"column":6},"end":{"line":36,"column":7}},{"start":{},"end":{}}],"line":33},"5":{"loc":{"start":{"line":33,"column":10},"end":{"line":33,"column":47}},"type":"binary-expr","locations":[{"start":{"line":33,"column":10},"end":{"line":33,"column":30}},{"start":{"line":33,"column":34},"end":{"line":33,"column":47}}],"line":33},"6":{"loc":{"start":{"line":38,"column":6},"end":{"line":41,"column":7}},"type":"if","locations":[{"start":{"line":38,"column":6},"end":{"line":41,"column":7}},{"start":{},"end":{}}],"line":38}},"s":{"0":0,"1":0,"2":0,"3":0,"4":0,"5":0,"6":0,"7":0,"8":0,"9":0,"10":0,"11":0,"12":0,"13":0,"14":0,"15":0,"16":0,"17":0,"18":0,"19":0,"20":0,"21":0,"22":0,"23":0,"24":0,"25":0},"f":{"0":0,"1":0},"b":{"0":[0],"1":[0],"2":[0],"3":[0],"4":[0,0],"5":[0,0],"6":[0,0]}}
,"/Users/qiao/Documents/workspaces/资料管理小程序/exam-system/api-service/src/controllers/admin/exam.controller.js": {"path":"/Users/qiao/Documents/workspaces/资料管理小程序/exam-system/api-service/src/controllers/admin/exam.controller.js","statementMap":{"0":{"start":{"line":4,"column":28},"end":{"line":4,"column":62}},"1":{"start":{"line":5,"column":11},"end":{"line":5,"column":36}},"2":{"start":{"line":6,"column":11},"end":{"line":6,"column":24}},"3":{"start":{"line":7,"column":13},"end":{"line":7,"column":28}},"4":{"start":{"line":11,"column":4},"end":{"line":11,"column":19}},"5":{"start":{"line":18,"column":4},"end":{"line":117,"column":5}},"6":{"start":{"line":31,"column":10},"end":{"line":31,"column":18}},"7":{"start":{"line":33,"column":22},"end":{"line":33,"column":36}},"8":{"start":{"line":34,"column":26},"end":{"line":34,"column":44}},"9":{"start":{"line":35,"column":21},"end":{"line":35,"column":48}},"10":{"start":{"line":37,"column":24},"end":{"line":37,"column":35}},"11":{"start":{"line":38,"column":21},"end":{"line":38,"column":23}},"12":{"start":{"line":40,"column":6},"end":{"line":43,"column":7}},"13":{"start":{"line":41,"column":8},"end":{"line":41,"column":47}},"14":{"start":{"line":42,"column":8},"end":{"line":42,"column":28}},"15":{"start":{"line":45,"column":6},"end":{"line":48,"column":7}},"16":{"start":{"line":46,"column":8},"end":{"line":46,"column":48}},"17":{"start":{"line":47,"column":8},"end":{"line":47,"column":28}},"18":{"start":{"line":50,"column":6},"end":{"line":53,"column":7}},"19":{"start":{"line":51,"column":8},"end":{"line":51,"column":49}},"20":{"start":{"line":52,"column":8},"end":{"line":52,"column":29}},"21":{"start":{"line":55,"column":6},"end":{"line":58,"column":7}},"22":{"start":{"line":56,"column":8},"end":{"line":56,"column":51}},"23":{"start":{"line":57,"column":8},"end":{"line":57,"column":31}},"24":{"start":{"line":60,"column":6},"end":{"line":63,"column":7}},"25":{"start":{"line":61,"column":8},"end":{"line":61,"column":49}},"26":{"start":{"line":62,"column":8},"end":{"line":62,"column":30}},"27":{"start":{"line":65,"column":6},"end":{"line":68,"column":7}},"28":{"start":{"line":66,"column":8},"end":{"line":66,"column":45}},"29":{"start":{"line":67,"column":8},"end":{"line":67,"column":26}},"30":{"start":{"line":70,"column":6},"end":{"line":73,"column":7}},"31":{"start":{"line":71,"column":8},"end":{"line":71,"column":49}},"32":{"start":{"line":72,"column":8},"end":{"line":72,"column":36}},"33":{"start":{"line":75,"column":23},"end":{"line":75,"column":75}},"34":{"start":{"line":76,"column":26},"end":{"line":76,"column":58}},"35":{"start":{"line":77,"column":20},"end":{"line":77,"column":40}},"36":{"start":{"line":79,"column":20},"end":{"line":79,"column":31}},"37":{"start":{"line":80,"column":22},"end":{"line":94,"column":7}},"38":{"start":{"line":95,"column":19},"end":{"line":95,"column":50}},"39":{"start":{"line":97,"column":6},"end":{"line":109,"column":9}},"40":{"start":{"line":111,"column":6},"end":{"line":111,"column":40}},"41":{"start":{"line":112,"column":6},"end":{"line":116,"column":9}},"42":{"start":{"line":124,"column":4},"end":{"line":158,"column":5}},"43":{"start":{"line":125,"column":19},"end":{"line":125,"column":27}},"44":{"start":{"line":128,"column":6},"end":{"line":131,"column":7}},"45":{"start":{"line":129,"column":8},"end":{"line":129,"column":58}},"46":{"start":{"line":130,"column":8},"end":{"line":130,"column":39}},"47":{"start":{"line":133,"column":6},"end":{"line":133,"column":21}},"48":{"start":{"line":134,"column":6},"end":{"line":134,"column":29}},"49":{"start":{"line":135,"column":6},"end":{"line":135,"column":29}},"50":{"start":{"line":137,"column":21},"end":{"line":137,"column":49}},"51":{"start":{"line":138,"column":27},"end":{"line":138,"column":70}},"52":{"start":{"line":138,"column":55},"end":{"line":138,"column":58}},"53":{"start":{"line":139,"column":21},"end":{"line":139,"column":40}},"54":{"start":{"line":141,"column":18},"end":{"line":141,"column":74}},"55":{"start":{"line":142,"column":21},"end":{"line":142,"column":48}},"56":{"start":{"line":144,"column":24},"end":{"line":144,"column":93}},"57":{"start":{"line":146,"column":6},"end":{"line":150,"column":9}},"58":{"start":{"line":152,"column":6},"end":{"line":152,"column":38}},"59":{"start":{"line":153,"column":6},"end":{"line":157,"column":9}},"60":{"start":{"line":165,"column":4},"end":{"line":206,"column":5}},"61":{"start":{"line":166,"column":21},"end":{"line":166,"column":31}},"62":{"start":{"line":168,"column":6},"end":{"line":173,"column":7}},"63":{"start":{"line":169,"column":8},"end":{"line":172,"column":11}},"64":{"start":{"line":176,"column":19},"end":{"line":176,"column":75}},"65":{"start":{"line":178,"column":6},"end":{"line":183,"column":7}},"66":{"start":{"line":179,"column":8},"end":{"line":182,"column":11}},"67":{"start":{"line":186,"column":18},"end":{"line":186,"column":50}},"68":{"start":{"line":187,"column":6},"end":{"line":187,"column":32}},"69":{"start":{"line":190,"column":23},"end":{"line":190,"column":98}},"70":{"start":{"line":191,"column":6},"end":{"line":193,"column":7}},"71":{"start":{"line":192,"column":8},"end":{"line":192,"column":32}},"72":{"start":{"line":195,"column":6},"end":{"line":198,"column":9}},"73":{"start":{"line":200,"column":6},"end":{"line":200,"column":38}},"74":{"start":{"line":201,"column":6},"end":{"line":205,"column":9}},"75":{"start":{"line":210,"column":0},"end":{"line":210,"column":38}}},"fnMap":{"0":{"name":"(anonymous_0)","decl":{"start":{"line":10,"column":2},"end":{"line":10,"column":3}},"loc":{"start":{"line":10,"column":16},"end":{"line":12,"column":3}},"line":10},"1":{"name":"(anonymous_1)","decl":{"start":{"line":17,"column":2},"end":{"line":17,"column":3}},"loc":{"start":{"line":17,"column":23},"end":{"line":118,"column":3}},"line":17},"2":{"name":"(anonymous_2)","decl":{"start":{"line":123,"column":2},"end":{"line":123,"column":3}},"loc":{"start":{"line":123,"column":25},"end":{"line":159,"column":3}},"line":123},"3":{"name":"(anonymous_3)","decl":{"start":{"line":138,"column":49},"end":{"line":138,"column":50}},"loc":{"start":{"line":138,"column":55},"end":{"line":138,"column":58}},"line":138},"4":{"name":"(anonymous_4)","decl":{"start":{"line":164,"column":2},"end":{"line":164,"column":3}},"loc":{"start":{"line":164,"column":25},"end":{"line":207,"column":3}},"line":164}},"branchMap":{"0":{"loc":{"start":{"line":20,"column":8},"end":{"line":20,"column":16}},"type":"default-arg","locations":[{"start":{"line":20,"column":15},"end":{"line":20,"column":16}}],"line":20},"1":{"loc":{"start":{"line":21,"column":8},"end":{"line":21,"column":21}},"type":"default-arg","locations":[{"start":{"line":21,"column":19},"end":{"line":21,"column":21}}],"line":21},"2":{"loc":{"start":{"line":29,"column":8},"end":{"line":29,"column":28}},"type":"default-arg","locations":[{"start":{"line":29,"column":18},"end":{"line":29,"column":28}}],"line":29},"3":{"loc":{"start":{"line":30,"column":8},"end":{"line":30,"column":22}},"type":"default-arg","locations":[{"start":{"line":30,"column":16},"end":{"line":30,"column":22}}],"line":30},"4":{"loc":{"start":{"line":40,"column":6},"end":{"line":43,"column":7}},"type":"if","locations":[{"start":{"line":40,"column":6},"end":{"line":43,"column":7}},{"start":{},"end":{}}],"line":40},"5":{"loc":{"start":{"line":40,"column":10},"end":{"line":40,"column":47}},"type":"binary-expr","locations":[{"start":{"line":40,"column":10},"end":{"line":40,"column":30}},{"start":{"line":40,"column":34},"end":{"line":40,"column":47}}],"line":40},"6":{"loc":{"start":{"line":45,"column":6},"end":{"line":48,"column":7}},"type":"if","locations":[{"start":{"line":45,"column":6},"end":{"line":48,"column":7}},{"start":{},"end":{}}],"line":45},"7":{"loc":{"start":{"line":50,"column":6},"end":{"line":53,"column":7}},"type":"if","locations":[{"start":{"line":50,"column":6},"end":{"line":53,"column":7}},{"start":{},"end":{}}],"line":50},"8":{"loc":{"start":{"line":55,"column":6},"end":{"line":58,"column":7}},"type":"if","locations":[{"start":{"line":55,"column":6},"end":{"line":58,"column":7}},{"start":{},"end":{}}],"line":55},"9":{"loc":{"start":{"line":60,"column":6},"end":{"line":63,"column":7}},"type":"if","locations":[{"start":{"line":60,"column":6},"end":{"line":63,"column":7}},{"start":{},"end":{}}],"line":60},"10":{"loc":{"start":{"line":60,"column":10},"end":{"line":60,"column":51}},"type":"binary-expr","locations":[{"start":{"line":60,"column":10},"end":{"line":60,"column":32}},{"start":{"line":60,"column":36},"end":{"line":60,"column":51}}],"line":60},"11":{"loc":{"start":{"line":65,"column":6},"end":{"line":68,"column":7}},"type":"if","locations":[{"start":{"line":65,"column":6},"end":{"line":68,"column":7}},{"start":{},"end":{}}],"line":65},"12":{"loc":{"start":{"line":70,"column":6},"end":{"line":73,"column":7}},"type":"if","locations":[{"start":{"line":70,"column":6},"end":{"line":73,"column":7}},{"start":{},"end":{}}],"line":70},"13":{"loc":{"start":{"line":128,"column":6},"end":{"line":131,"column":7}},"type":"if","locations":[{"start":{"line":128,"column":6},"end":{"line":131,"column":7}},{"start":{},"end":{}}],"line":128},"14":{"loc":{"start":{"line":168,"column":6},"end":{"line":173,"column":7}},"type":"if","locations":[{"start":{"line":168,"column":6},"end":{"line":173,"column":7}},{"start":{},"end":{}}],"line":168},"15":{"loc":{"start":{"line":178,"column":6},"end":{"line":183,"column":7}},"type":"if","locations":[{"start":{"line":178,"column":6},"end":{"line":183,"column":7}},{"start":{},"end":{}}],"line":178},"16":{"loc":{"start":{"line":191,"column":6},"end":{"line":193,"column":7}},"type":"if","locations":[{"start":{"line":191,"column":6},"end":{"line":193,"column":7}},{"start":{},"end":{}}],"line":191}},"s":{"0":0,"1":0,"2":0,"3":0,"4":0,"5":0,"6":0,"7":0,"8":0,"9":0,"10":0,"11":0,"12":0,"13":0,"14":0,"15":0,"16":0,"17":0,"18":0,"19":0,"20":0,"21":0,"22":0,"23":0,"24":0,"25":0,"26":0,"27":0,"28":0,"29":0,"30":0,"31":0,"32":0,"33":0,"34":0,"35":0,"36":0,"37":0,"38":0,"39":0,"40":0,"41":0,"42":0,"43":0,"44":0,"45":0,"46":0,"47":0,"48":0,"49":0,"50":0,"51":0,"52":0,"53":0,"54":0,"55":0,"56":0,"57":0,"58":0,"59":0,"60":0,"61":0,"62":0,"63":0,"64":0,"65":0,"66":0,"67":0,"68":0,"69":0,"70":0,"71":0,"72":0,"73":0,"74":0,"75":0},"f":{"0":0,"1":0,"2":0,"3":0,"4":0},"b":{"0":[0],"1":[0],"2":[0],"3":[0],"4":[0,0],"5":[0,0],"6":[0,0],"7":[0,0],"8":[0,0],"9":[0,0],"10":[0,0],"11":[0,0],"12":[0,0],"13":[0,0],"14":[0,0],"15":[0,0],"16":[0,0]}}
,"/Users/qiao/Documents/workspaces/资料管理小程序/exam-system/api-service/src/controllers/admin/examImport.controller.js": {"path":"/Users/qiao/Documents/workspaces/资料管理小程序/exam-system/api-service/src/controllers/admin/examImport.controller.js","statementMap":{"0":{"start":{"line":4,"column":11},"end":{"line":4,"column":24}},"1":{"start":{"line":5,"column":13},"end":{"line":5,"column":28}},"2":{"start":{"line":6,"column":11},"end":{"line":6,"column":36}},"3":{"start":{"line":9,"column":21},"end":{"line":9,"column":88}},"4":{"start":{"line":12,"column":17},"end":{"line":18,"column":1}},"5":{"start":{"line":20,"column":18},"end":{"line":27,"column":1}},"6":{"start":{"line":29,"column":20},"end":{"line":32,"column":1}},"7":{"start":{"line":38,"column":25},"end":{"line":38,"column":72}},"8":{"start":{"line":41,"column":20},"end":{"line":41,"column":52}},"9":{"start":{"line":42,"column":18},"end":{"line":42,"column":43}},"10":{"start":{"line":44,"column":2},"end":{"line":55,"column":3}},"11":{"start":{"line":45,"column":4},"end":{"line":54,"column":6}},"12":{"start":{"line":58,"column":16},"end":{"line":58,"column":50}},"13":{"start":{"line":61,"column":2},"end":{"line":64,"column":3}},"14":{"start":{"line":62,"column":26},"end":{"line":62,"column":87}},"15":{"start":{"line":63,"column":4},"end":{"line":63,"column":50}},"16":{"start":{"line":66,"column":2},"end":{"line":114,"column":3}},"17":{"start":{"line":67,"column":21},"end":{"line":67,"column":37}},"18":{"start":{"line":68,"column":23},"end":{"line":68,"column":39}},"19":{"start":{"line":69,"column":21},"end":{"line":69,"column":42}},"20":{"start":{"line":70,"column":17},"end":{"line":70,"column":65}},"21":{"start":{"line":71,"column":22},"end":{"line":71,"column":32}},"22":{"start":{"line":74,"column":25},"end":{"line":74,"column":80}},"23":{"start":{"line":75,"column":24},"end":{"line":75,"column":61}},"24":{"start":{"line":78,"column":25},"end":{"line":78,"column":114}},"25":{"start":{"line":78,"column":59},"end":{"line":78,"column":81}},"26":{"start":{"line":80,"column":19},"end":{"line":80,"column":89}},"27":{"start":{"line":81,"column":20},"end":{"line":81,"column":45}},"28":{"start":{"line":82,"column":22},"end":{"line":82,"column":64}},"29":{"start":{"line":85,"column":21},"end":{"line":85,"column":89}},"30":{"start":{"line":88,"column":22},"end":{"line":95,"column":27}},"31":{"start":{"line":98,"column":19},"end":{"line":98,"column":24}},"32":{"start":{"line":99,"column":4},"end":{"line":101,"column":5}},"33":{"start":{"line":100,"column":6},"end":{"line":100,"column":23}},"34":{"start":{"line":103,"column":4},"end":{"line":113,"column":6}},"35":{"start":{"line":116,"column":2},"end":{"line":116,"column":14}},"36":{"start":{"line":123,"column":2},"end":{"line":142,"column":3}},"37":{"start":{"line":124,"column":21},"end":{"line":127,"column":5}},"38":{"start":{"line":129,"column":4},"end":{"line":131,"column":5}},"39":{"start":{"line":130,"column":6},"end":{"line":130,"column":28}},"40":{"start":{"line":133,"column":19},"end":{"line":136,"column":5}},"41":{"start":{"line":138,"column":4},"end":{"line":138,"column":27}},"42":{"start":{"line":140,"column":4},"end":{"line":140,"column":39}},"43":{"start":{"line":141,"column":4},"end":{"line":141,"column":16}},"44":{"start":{"line":149,"column":18},"end":{"line":156,"column":3}},"45":{"start":{"line":158,"column":2},"end":{"line":326,"column":3}},"46":{"start":{"line":159,"column":4},"end":{"line":161,"column":5}},"47":{"start":{"line":160,"column":6},"end":{"line":160,"column":46}},"48":{"start":{"line":163,"column":4},"end":{"line":165,"column":5}},"49":{"start":{"line":164,"column":6},"end":{"line":164,"column":51}},"50":{"start":{"line":167,"column":18},"end":{"line":171,"column":5}},"51":{"start":{"line":168,"column":6},"end":{"line":170,"column":39}},"52":{"start":{"line":173,"column":4},"end":{"line":173,"column":33}},"53":{"start":{"line":175,"column":4},"end":{"line":178,"column":5}},"54":{"start":{"line":176,"column":6},"end":{"line":176,"column":42}},"55":{"start":{"line":177,"column":6},"end":{"line":177,"column":21}},"56":{"start":{"line":181,"column":23},"end":{"line":181,"column":25}},"57":{"start":{"line":183,"column":4},"end":{"line":222,"column":5}},"58":{"start":{"line":184,"column":25},"end":{"line":184,"column":51}},"59":{"start":{"line":185,"column":20},"end":{"line":185,"column":43}},"60":{"start":{"line":187,"column":6},"end":{"line":187,"column":36}},"61":{"start":{"line":187,"column":27},"end":{"line":187,"column":36}},"62":{"start":{"line":189,"column":21},"end":{"line":189,"column":40}},"63":{"start":{"line":191,"column":6},"end":{"line":195,"column":7}},"64":{"start":{"line":192,"column":8},"end":{"line":192,"column":25}},"65":{"start":{"line":193,"column":8},"end":{"line":193,"column":48}},"66":{"start":{"line":194,"column":8},"end":{"line":194,"column":17}},"67":{"start":{"line":198,"column":23},"end":{"line":198,"column":113}},"68":{"start":{"line":200,"column":6},"end":{"line":206,"column":7}},"69":{"start":{"line":201,"column":8},"end":{"line":205,"column":10}},"70":{"start":{"line":209,"column":6},"end":{"line":221,"column":7}},"71":{"start":{"line":210,"column":8},"end":{"line":214,"column":10}},"72":{"start":{"line":216,"column":8},"end":{"line":220,"column":10}},"73":{"start":{"line":225,"column":4},"end":{"line":321,"column":5}},"74":{"start":{"line":226,"column":6},"end":{"line":320,"column":7}},"75":{"start":{"line":227,"column":22},"end":{"line":227,"column":42}},"76":{"start":{"line":228,"column":23},"end":{"line":228,"column":35}},"77":{"start":{"line":231,"column":25},"end":{"line":234,"column":9}},"78":{"start":{"line":236,"column":8},"end":{"line":257,"column":9}},"79":{"start":{"line":238,"column":10},"end":{"line":255,"column":11}},"80":{"start":{"line":239,"column":30},"end":{"line":239,"column":40}},"81":{"start":{"line":240,"column":35},"end":{"line":240,"column":118}},"82":{"start":{"line":241,"column":37},"end":{"line":241,"column":73}},"83":{"start":{"line":243,"column":12},"end":{"line":243,"column":69}},"84":{"start":{"line":245,"column":12},"end":{"line":248,"column":14}},"85":{"start":{"line":250,"column":12},"end":{"line":250,"column":29}},"86":{"start":{"line":251,"column":12},"end":{"line":251,"column":68}},"87":{"start":{"line":253,"column":12},"end":{"line":253,"column":30}},"88":{"start":{"line":254,"column":12},"end":{"line":254,"column":58}},"89":{"start":{"line":256,"column":10},"end":{"line":256,"column":19}},"90":{"start":{"line":260,"column":8},"end":{"line":264,"column":9}},"91":{"start":{"line":261,"column":10},"end":{"line":261,"column":27}},"92":{"start":{"line":262,"column":10},"end":{"line":262,"column":58}},"93":{"start":{"line":263,"column":10},"end":{"line":263,"column":19}},"94":{"start":{"line":266,"column":26},"end":{"line":266,"column":36}},"95":{"start":{"line":267,"column":28},"end":{"line":267,"column":104}},"96":{"start":{"line":268,"column":27},"end":{"line":268,"column":60}},"97":{"start":{"line":271,"column":8},"end":{"line":271,"column":61}},"98":{"start":{"line":274,"column":25},"end":{"line":274,"column":88}},"99":{"start":{"line":275,"column":20},"end":{"line":275,"column":24}},"100":{"start":{"line":276,"column":8},"end":{"line":278,"column":9}},"101":{"start":{"line":277,"column":10},"end":{"line":277,"column":68}},"102":{"start":{"line":281,"column":24},"end":{"line":281,"column":28}},"103":{"start":{"line":282,"column":8},"end":{"line":289,"column":9}},"104":{"start":{"line":283,"column":33},"end":{"line":283,"column":116}},"105":{"start":{"line":284,"column":35},"end":{"line":284,"column":71}},"106":{"start":{"line":286,"c
[...]
,"/Users/qiao/Documents/workspaces/资料管理小程序/exam-system/api-service/src/routes/upload.routes.js": {"path":"/Users/qiao/Documents/workspaces/资料管理小程序/exam-system/api-service/src/routes/upload.routes.js","statementMap":{"0":{"start":{"line":1,"column":16},"end":{"line":1,"column":34}},"1":{"start":{"line":2,"column":15},"end":{"line":2,"column":32}},"2":{"start":{"line":3,"column":19},"end":{"line":3,"column":53}},"3":{"start":{"line":4,"column":18},"end":{"line":4,"column":42}},"4":{"start":{"line":6,"column":15},"end":{"line":6,"column":31}},"5":{"start":{"line":9,"column":16},"end":{"line":9,"column":38}},"6":{"start":{"line":10,"column":15},"end":{"line":23,"column":2}},"7":{"start":{"line":16,"column":16},"end":{"line":16,"column":72}},"8":{"start":{"line":17,"column":4},"end":{"line":21,"column":5}},"9":{"start":{"line":18,"column":6},"end":{"line":18,"column":21}},"10":{"start":{"line":20,"column":6},"end":{"line":20,"column":40}},"11":{"start":{"line":29,"column":0},"end":{"line":59,"column":3}},"12":{"start":{"line":30,"column":2},"end":{"line":58,"column":3}},"13":{"start":{"line":31,"column":4},"end":{"line":36,"column":5}},"14":{"start":{"line":32,"column":6},"end":{"line":35,"column":9}},"15":{"start":{"line":38,"column":4},"end":{"line":38,"column":50}},"16":{"start":{"line":41,"column":20},"end":{"line":41,"column":80}},"17":{"start":{"line":43,"column":4},"end":{"line":51,"column":7}},"18":{"start":{"line":53,"column":4},"end":{"line":53,"column":36}},"19":{"start":{"line":54,"column":4},"end":{"line":57,"column":7}},"20":{"start":{"line":65,"column":0},"end":{"line":102,"column":3}},"21":{"start":{"line":66,"column":2},"end":{"line":101,"column":3}},"22":{"start":{"line":67,"column":4},"end":{"line":72,"column":5}},"23":{"start":{"line":68,"column":6},"end":{"line":71,"column":9}},"24":{"start":{"line":74,"column":4},"end":{"line":74,"column":50}},"25":{"start":{"line":77,"column":27},"end":{"line":79,"column":5}},"26":{"start":{"line":78,"column":6},"end":{"line":78,"column":52}},"27":{"start":{"line":81,"column":17},"end":{"line":81,"column":50}},"28":{"start":{"line":83,"column":4},"end":{"line":94,"column":7}},"29":{"start":{"line":88,"column":47},"end":{"line":92,"column":9}},"30":{"start":{"line":96,"column":4},"end":{"line":96,"column":36}},"31":{"start":{"line":97,"column":4},"end":{"line":100,"column":7}},"32":{"start":{"line":108,"column":0},"end":{"line":142,"column":3}},"33":{"start":{"line":109,"column":2},"end":{"line":141,"column":3}},"34":{"start":{"line":110,"column":25},"end":{"line":110,"column":34}},"35":{"start":{"line":112,"column":4},"end":{"line":117,"column":5}},"36":{"start":{"line":113,"column":6},"end":{"line":116,"column":9}},"37":{"start":{"line":120,"column":16},"end":{"line":120,"column":63}},"38":{"start":{"line":121,"column":4},"end":{"line":126,"column":5}},"39":{"start":{"line":122,"column":6},"end":{"line":125,"column":9}},"40":{"start":{"line":128,"column":17},"end":{"line":128,"column":66}},"41":{"start":{"line":130,"column":4},"end":{"line":134,"column":7}},"42":{"start":{"line":136,"column":4},"end":{"line":136,"column":38}},"43":{"start":{"line":137,"column":4},"end":{"line":140,"column":7}},"44":{"start":{"line":149,"column":0},"end":{"line":173,"column":3}},"45":{"start":{"line":150,"column":2},"end":{"line":172,"column":3}},"46":{"start":{"line":151,"column":20},"end":{"line":151,"column":28}},"47":{"start":{"line":153,"column":4},"end":{"line":158,"column":5}},"48":{"start":{"line":154,"column":6},"end":{"line":157,"column":9}},"49":{"start":{"line":160,"column":4},"end":{"line":160,"column":37}},"50":{"start":{"line":162,"column":4},"end":{"line":165,"column":7}},"51":{"start":{"line":167,"column":4},"end":{"line":167,"column":36}},"52":{"start":{"line":168,"column":4},"end":{"line":171,"column":7}},"53":{"start":{"line":175,"column":0},"end":{"line":175,"column":24}}},"fnMap":{"0":{"name":"(anonymous_0)","decl":{"start":{"line":15,"column":14},"end":{"line":15,"column":15}},"loc":{"start":{"line":15,"column":33},"end":{"line":22,"column":3}},"line":15},"1":{"name":"(anonymous_1)","decl":{"start":{"line":29,"column":44},"end":{"line":29,"column":45}},"loc":{"start":{"line":29,"column":64},"end":{"line":59,"column":1}},"line":29},"2":{"name":"(anonymous_2)","decl":{"start":{"line":65,"column":49},"end":{"line":65,"column":50}},"loc":{"start":{"line":65,"column":69},"end":{"line":102,"column":1}},"line":65},"3":{"name":"(anonymous_3)","decl":{"start":{"line":77,"column":41},"end":{"line":77,"column":42}},"loc":{"start":{"line":78,"column":6},"end":{"line":78,"column":52}},"line":78},"4":{"name":"(anonymous_4)","decl":{"start":{"line":88,"column":29},"end":{"line":88,"column":30}},"loc":{"start":{"line":88,"column":47},"end":{"line":92,"column":9}},"line":88},"5":{"name":"(anonymous_5)","decl":{"start":{"line":108,"column":29},"end":{"line":108,"column":30}},"loc":{"start":{"line":108,"column":49},"end":{"line":142,"column":1}},"line":108},"6":{"name":"(anonymous_6)","decl":{"start":{"line":149,"column":23},"end":{"line":149,"column":24}},"loc":{"start":{"line":149,"column":43},"end":{"line":173,"column":1}},"line":149}},"branchMap":{"0":{"loc":{"start":{"line":17,"column":4},"end":{"line":21,"column":5}},"type":"if","locations":[{"start":{"line":17,"column":4},"end":{"line":21,"column":5}},{"start":{"line":19,"column":11},"end":{"line":21,"column":5}}],"line":17},"1":{"loc":{"start":{"line":31,"column":4},"end":{"line":36,"column":5}},"type":"if","locations":[{"start":{"line":31,"column":4},"end":{"line":36,"column":5}},{"start":{},"end":{}}],"line":31},"2":{"loc":{"start":{"line":56,"column":15},"end":{"line":56,"column":40}},"type":"binary-expr","locations":[{"start":{"line":56,"column":15},"end":{"line":56,"column":28}},{"start":{"line":56,"column":32},"end":{"line":56,"column":40}}],"line":56},"3":{"loc":{"start":{"line":67,"column":4},"end":{"line":72,"column":5}},"type":"if","locations":[{"start":{"line":67,"column":4},"end":{"line":72,"column":5}},{"start":{},"end":{}}],"line":67},"4":{"loc":{"start":{"line":67,"column":8},"end":{"line":67,"column":44}},"type":"binary-expr","locations":[{"start":{"line":67,"column":8},"end":{"line":67,"column":18}},{"start":{"line":67,"column":22},"end":{"line":67,"column":44}}],"line":67},"5":{"loc":{"start":{"line":99,"column":15},"end":{"line":99,"column":40}},"type":"binary-expr","locations":[{"start":{"line":99,"column":15},"end":{"line":99,"column":28}},{"start":{"line":99,"column":32},"end":{"line":99,"column":40}}],"line":99},"6":{"loc":{"start":{"line":112,"column":4},"end":{"line":117,"column":5}},"type":"if","locations":[{"start":{"line":112,"column":4},"end":{"line":117,"column":5}},{"start":{},"end":{}}],"line":112},"7":{"loc":{"start":{"line":121,"column":4},"end":{"line":126,"column":5}},"type":"if","locations":[{"start":{"line":121,"column":4},"end":{"line":126,"column":5}},{"start":{},"end":{}}],"line":121},"8":{"loc":{"start":{"line":139,"column":15},"end":{"line":139,"column":42}},"type":"binary-expr","locations":[{"start":{"line":139,"column":15},"end":{"line":139,"column":28}},{"start":{"line":139,"column":32},"end":{"line":139,"column":42}}],"line":139},"9":{"loc":{"start":{"line":153,"column":4},"end":{"line":158,"column":5}},"type":"if","locations":[{"start":{"line":153,"column":4},"end":{"line":158,"column":5}},{"start":{},"end":{}}],"line":153},"10":{"loc":{"start":{"line":170,"column":15},"end":{"line":170,"column":40}},"type":"binary-expr","locations":[{"start":{"line":170,"column":15},"end":{"line":170,"column":28}},{"start":{"line":170,"column":32},"end":{"line":170,"column":40}}],"line":170}},"s":{"0":0,"1":0,"2":0,"3":0,"4":0,"5":0,"6":0,"7":0,"8":0,"9":0,"10":0,"11":0,"12":0,"13":0,"14":0,"15":0,"16":0,"17":0,"18":0,"19":0,"20":0,"21":0,"22":0,"23":0,"24":0,"25":0,"26":0,"27":0,"28":0,"29":0,"30":0,"31":0,"32":0,"33":0,"34":0,"35":0,"36":0,"37":0,"38":0,"39":0,"40":0,"41":0,"42":0,"43":0,"44":0,"45":0,"46":0,"47":0,"48":0,"49":0,"50":0,"51":0,"52":0,"53":0},"f":{"0":0,"1":0,"2":0,"3":0,"4":0,"5":0,"6":0},"b":{"0":[0,0],"1":[0,0],"2":[0,0],"3":[0,0],"4":[0,0],"5":[0,0],"6":[0,0],"7":[0,0],"8":[0,0],"9":[0,0],"10":[0,0]}}
,"/Users/qiao/Documents/workspaces/资料管理小程序/exam-system/api-service/src/services/base.service.js": {"path":"/Users/qiao/Documents/workspaces/资料管理小程序/exam-system/api-service/src/services/base.service.js","statementMap":{"0":{"start":{"line":1,"column":11},"end":{"line":1,"column":33}},"1":{"start":{"line":5,"column":16},"end":{"line":5,"column":67}},"2":{"start":{"line":6,"column":4},"end":{"line":12,"column":5}},"3":{"start":{"line":7,"column":22},"end":{"line":7,"column":41}},"4":{"start":{"line":8,"column":6},"end":{"line":8,"column":21}},"5":{"start":{"line":10,"column":6},"end":{"line":10,"column":61}},"6":{"start":{"line":11,"column":6},"end":{"line":11,"column":18}},"7":{"start":{"line":16,"column":16},"end":{"line":16,"column":67}},"8":{"start":{"line":17,"column":4},"end":{"line":23,"column":5}},"9":{"start":{"line":18,"column":22},"end":{"line":18,"column":41}},"10":{"start":{"line":19,"column":6},"end":{"line":19,"column":21}},"11":{"start":{"line":21,"column":6},"end":{"line":21,"column":61}},"12":{"start":{"line":22,"column":6},"end":{"line":22,"column":18}},"13":{"start":{"line":27,"column":16},"end":{"line":27,"column":69}},"14":{"start":{"line":28,"column":4},"end":{"line":34,"column":5}},"15":{"start":{"line":29,"column":22},"end":{"line":29,"column":41}},"16":{"start":{"line":30,"column":6},"end":{"line":30,"column":21}},"17":{"start":{"line":32,"column":6},"end":{"line":32,"column":63}},"18":{"start":{"line":33,"column":6},"end":{"line":33,"column":18}},"19":{"start":{"line":38,"column":16},"end":{"line":43,"column":5}},"20":{"start":{"line":44,"column":4},"end":{"line":50,"column":5}},"21":{"start":{"line":45,"column":22},"end":{"line":45,"column":51}},"22":{"start":{"line":46,"column":6},"end":{"line":46,"column":21}},"23":{"start":{"line":48,"column":6},"end":{"line":48,"column":65}},"24":{"start":{"line":49,"column":6},"end":{"line":49,"column":18}},"25":{"start":{"line":54,"column":0},"end":{"line":54,"column":35}}},"fnMap":{"0":{"name":"(anonymous_0)","decl":{"start":{"line":4,"column":2},"end":{"line":4,"column":3}},"loc":{"start":{"line":4,"column":20},"end":{"line":13,"column":3}},"line":4},"1":{"name":"(anonymous_1)","decl":{"start":{"line":15,"column":2},"end":{"line":15,"column":3}},"loc":{"start":{"line":15,"column":20},"end":{"line":24,"column":3}},"line":15},"2":{"name":"(anonymous_2)","decl":{"start":{"line":26,"column":2},"end":{"line":26,"column":3}},"loc":{"start":{"line":26,"column":22},"end":{"line":35,"column":3}},"line":26},"3":{"name":"(anonymous_3)","decl":{"start":{"line":37,"column":2},"end":{"line":37,"column":3}},"loc":{"start":{"line":37,"column":30},"end":{"line":51,"column":3}},"line":37}},"branchMap":{},"s":{"0":0,"1":0,"2":0,"3":0,"4":0,"5":0,"6":0,"7":0,"8":0,"9":0,"10":0,"11":0,"12":0,"13":0,"14":0,"15":0,"16":0,"17":0,"18":0,"19":0,"20":0,"21":0,"22":0,"23":0,"24":0,"25":0},"f":{"0":0,"1":0,"2":0,"3":0},"b":{}}
,"/Users/qiao/Documents/workspaces/资料管理小程序/exam-system/api-service/src/services/exam.service.js": {"path":"/Users/qiao/Documents/workspaces/资料管理小程序/exam-system/api-service/src/services/exam.service.js","statementMap":{"0":{"start":{"line":1,"column":11},"end":{"line":1,"column":33}},"1":{"start":{"line":14,"column":8},"end":{"line":14,"column":14}},"2":{"start":{"line":16,"column":19},"end":{"line":16,"column":37}},"3":{"start":{"line":18,"column":16},"end":{"line":18,"column":32}},"4":{"start":{"line":19,"column":22},"end":{"line":19,"column":24}},"5":{"start":{"line":21,"column":4},"end":{"line":24,"column":5}},"6":{"start":{"line":22,"column":6},"end":{"line":22,"column":34}},"7":{"start":{"line":23,"column":6},"end":{"line":23,"column":41}},"8":{"start":{"line":26,"column":4},"end":{"line":29,"column":5}},"9":{"start":{"line":27,"column":6},"end":{"line":27,"column":35}},"10":{"start":{"line":28,"column":6},"end":{"line":28,"column":42}},"11":{"start":{"line":31,"column":4},"end":{"line":34,"column":5}},"12":{"start":{"line":32,"column":6},"end":{"line":32,"column":37}},"13":{"start":{"line":33,"column":6},"end":{"line":33,"column":44}},"14":{"start":{"line":36,"column":4},"end":{"line":39,"column":5}},"15":{"start":{"line":37,"column":6},"end":{"line":37,"column":50}},"16":{"start":{"line":38,"column":6},"end":{"line":38,"column":47}},"17":{"start":{"line":41,"column":4},"end":{"line":43,"column":5}},"18":{"start":{"line":42,"column":6},"end":{"line":42,"column":35}},"19":{"start":{"line":45,"column":4},"end":{"line":48,"column":5}},"20":{"start":{"line":46,"column":6},"end":{"line":46,"column":35}},"21":{"start":{"line":47,"column":6},"end":{"line":47,"column":44}},"22":{"start":{"line":50,"column":24},"end":{"line":50,"column":43}},"23":{"start":{"line":52,"column":16},"end":{"line":52,"column":379}},"24":{"start":{"line":54,"column":21},"end":{"line":54,"column":117}},"25":{"start":{"line":56,"column":4},"end":{"line":72,"column":5}},"26":{"start":{"line":57,"column":36},"end":{"line":60,"column":8}},"27":{"start":{"line":62,"column":6},"end":{"line":68,"column":8}},"28":{"start":{"line":70,"column":6},"end":{"line":70,"column":59}},"29":{"start":{"line":71,"column":6},"end":{"line":71,"column":18}},"30":{"start":{"line":76,"column":16},"end":{"line":76,"column":341}},"31":{"start":{"line":78,"column":4},"end":{"line":91,"column":5}},"32":{"start":{"line":79,"column":24},"end":{"line":79,"column":49}},"33":{"start":{"line":81,"column":6},"end":{"line":85,"column":7}},"34":{"start":{"line":82,"column":22},"end":{"line":82,"column":40}},"35":{"start":{"line":83,"column":8},"end":{"line":83,"column":27}},"36":{"start":{"line":84,"column":8},"end":{"line":84,"column":20}},"37":{"start":{"line":87,"column":6},"end":{"line":87,"column":24}},"38":{"start":{"line":89,"column":6},"end":{"line":89,"column":61}},"39":{"start":{"line":90,"column":6},"end":{"line":90,"column":18}},"40":{"start":{"line":95,"column":16},"end":{"line":95,"column":83}},"41":{"start":{"line":96,"column":4},"end":{"line":101,"column":5}},"42":{"start":{"line":97,"column":6},"end":{"line":97,"column":32}},"43":{"start":{"line":99,"column":6},"end":{"line":99,"column":74}},"44":{"start":{"line":100,"column":6},"end":{"line":100,"column":18}},"45":{"start":{"line":105,"column":0},"end":{"line":105,"column":35}}},"fnMap":{"0":{"name":"(anonymous_0)","decl":{"start":{"line":4,"column":2},"end":{"line":4,"column":3}},"loc":{"start":{"line":4,"column":24},"end":{"line":73,"column":3}},"line":4},"1":{"name":"(anonymous_1)","decl":{"start":{"line":75,"column":2},"end":{"line":75,"column":3}},"loc":{"start":{"line":75,"column":22},"end":{"line":92,"column":3}},"line":75},"2":{"name":"(anonymous_2)","decl":{"start":{"line":94,"column":2},"end":{"line":94,"column":3}},"loc":{"start":{"line":94,"column":35},"end":{"line":102,"column":3}},"line":94}},"branchMap":{"0":{"loc":{"start":{"line":10,"column":6},"end":{"line":10,"column":14}},"type":"default-arg","locations":[{"start":{"line":10,"column":13},"end":{"line":10,"column":14}}],"line":10},"1":{"loc":{"start":{"line":11,"column":6},"end":{"line":11,"column":16}},"type":"default-arg","locations":[{"start":{"line":11,"column":14},"end":{"line":11,"column":16}}],"line":11},"2":{"loc":{"start":{"line":21,"column":4},"end":{"line":24,"column":5}},"type":"if","locations":[{"start":{"line":21,"column":4},"end":{"line":24,"column":5}},{"start":{},"end":{}}],"line":21},"3":{"loc":{"start":{"line":26,"column":4},"end":{"line":29,"column":5}},"type":"if","locations":[{"start":{"line":26,"column":4},"end":{"line":29,"column":5}},{"start":{},"end":{}}],"line":26},"4":{"loc":{"start":{"line":31,"column":4},"end":{"line":34,"column":5}},"type":"if","locations":[{"start":{"line":31,"column":4},"end":{"line":34,"column":5}},{"start":{},"end":{}}],"line":31},"5":{"loc":{"start":{"line":36,"column":4},"end":{"line":39,"column":5}},"type":"if","locations":[{"start":{"line":36,"column":4},"end":{"line":39,"column":5}},{"start":{},"end":{}}],"line":36},"6":{"loc":{"start":{"line":41,"column":4},"end":{"line":43,"column":5}},"type":"if","locations":[{"start":{"line":41,"column":4},"end":{"line":43,"column":5}},{"start":{},"end":{}}],"line":41},"7":{"loc":{"start":{"line":45,"column":4},"end":{"line":48,"column":5}},"type":"if","locations":[{"start":{"line":45,"column":4},"end":{"line":48,"column":5}},{"start":{},"end":{}}],"line":45},"8":{"loc":{"start":{"line":81,"column":6},"end":{"line":85,"column":7}},"type":"if","locations":[{"start":{"line":81,"column":6},"end":{"line":85,"column":7}},{"start":{},"end":{}}],"line":81},"9":{"loc":{"start":{"line":81,"column":10},"end":{"line":81,"column":42}},"type":"binary-expr","locations":[{"start":{"line":81,"column":10},"end":{"line":81,"column":18}},{"start":{"line":81,"column":22},"end":{"line":81,"column":42}}],"line":81}},"s":{"0":0,"1":0,"2":0,"3":0,"4":0,"5":0,"6":0,"7":0,"8":0,"9":0,"10":0,"11":0,"12":0,"13":0,"14":0,"15":0,"16":0,"17":0,"18":0,"19":0,"20":0,"21":0,"22":0,"23":0,"24":0,"25":0,"26":0,"27":0,"28":0,"29":0,"30":0,"31":0,"32":0,"33":0,"34":0,"35":0,"36":0,"37":0,"38":0,"39":0,"40":0,"41":0,"42":0,"43":0,"44":0,"45":0},"f":{"0":0,"1":0,"2":0},"b":{"0":[0],"1":[0],"2":[0,0],"3":[0,0],"4":[0,0],"5":[0,0],"6":[0,0],"7":[0,0],"8":[0,0],"9":[0,0]}}
,"/Users/qiao/Documents/workspaces/资料管理小程序/exam-system/api-service/src/utils/db.js": {"path":"/Users/qiao/Documents/workspaces/资料管理小程序/exam-system/api-service/src/utils/db.js","statementMap":{"0":{"start":{"line":1,"column":14},"end":{"line":1,"column":39}},"1":{"start":{"line":2,"column":17},"end":{"line":2,"column":46}},"2":{"start":{"line":5,"column":13},"end":{"line":5,"column":39}},"3":{"start":{"line":8,"column":14},"end":{"line":16,"column":1}},"4":{"start":{"line":9,"column":2},"end":{"line":15,"column":3}},"5":{"start":{"line":10,"column":19},"end":{"line":10,"column":50}},"6":{"start":{"line":11,"column":4},"end":{"line":11,"column":16}},"7":{"start":{"line":13,"column":4},"end":{"line":13,"column":37}},"8":{"start":{"line":14,"column":4},"end":{"line":14,"column":16}},"9":{"start":{"line":19,"column":20},"end":{"line":32,"column":1}},"10":{"start":{"line":20,"column":21},"end":{"line":20,"column":47}},"11":{"start":{"line":21,"column":2},"end":{"line":31,"column":3}},"12":{"start":{"line":22,"column":4},"end":{"line":22,"column":40}},"13":{"start":{"line":23,"column":19},"end":{"line":23,"column":45}},"14":{"start":{"line":24,"column":4},"end":{"line":24,"column":30}},"15":{"start":{"line":25,"column":4},"end":{"line":25,"column":18}},"16":{"start":{"line":27,"column":4},"end":{"line":27,"column":32}},"17":{"start":{"line":28,"column":4},"end":{"line":28,"column":16}},"18":{"start":{"line":30,"column":4},"end":{"line":30,"column":25}},"19":{"start":{"line":34,"column":0},"end":{"line":38,"column":2}}},"fnMap":{"0":{"name":"(anonymous_0)","decl":{"start":{"line":8,"column":14},"end":{"line":8,"column":15}},"loc":{"start":{"line":8,"column":42},"end":{"line":16,"column":1}},"line":8},"1":{"name":"(anonymous_1)","decl":{"start":{"line":19,"column":20},"end":{"line":19,"column":21}},"loc":{"start":{"line":19,"column":40},"end":{"line":32,"column":1}},"line":19}},"branchMap":{"0":{"loc":{"start":{"line":8,"column":26},"end":{"line":8,"column":37}},"type":"default-arg","locations":[{"start":{"line":8,"column":35},"end":{"line":8,"column":37}}],"line":8}},"s":{"0":0,"1":0,"2":0,"3":0,"4":0,"5":0,"6":0,"7":0,"8":0,"9":0,"10":0,"11":0,"12":0,"13":0,"14":0,"15":0,"16":0,"17":0,"18":0,"19":0},"f":{"0":0,"1":0},"b":{"0":[0]}}
}
