TN:
SF:src/config/app.js
FN:14,(anonymous_0)
FNF:1
FNH:0
FNDA:0,(anonymous_0)
DA:1,0
DA:3,0
DA:16,0
DA:17,0
DA:21,0
DA:22,0
DA:23,0
LF:7
LH:0
BRDA:5,0,0,0
BRDA:5,0,1,0
BRDA:6,1,0,0
BRDA:6,1,1,0
BRDA:11,2,0,0
BRDA:11,2,1,0
BRDA:16,3,0,0
BRDA:16,3,1,0
BRDA:16,4,0,0
BRDA:16,4,1,0
BRDA:22,5,0,0
BRDA:22,5,1,0
BRF:12
BRH:0
end_of_record
TN:
SF:src/config/database.js
FNF:0
FNH:0
DA:1,0
DA:3,0
LF:2
LH:0
BRDA:4,0,0,0
BRDA:4,0,1,0
BRDA:5,1,0,0
BRDA:5,1,1,0
BRDA:6,2,0,0
BRDA:6,2,1,0
BRDA:7,3,0,0
BRDA:7,3,1,0
BRDA:8,4,0,0
BRDA:8,4,1,0
BRDA:9,5,0,0
BRDA:9,5,1,0
BRF:12
BRH:0
end_of_record
TN:
SF:src/controllers/adminBase.controller.js
FN:7,(anonymous_0)
FN:14,(anonymous_1)
FN:85,(anonymous_2)
FN:124,(anonymous_3)
FN:134,(anonymous_4)
FN:161,(anonymous_5)
FN:178,(anonymous_6)
FN:212,(anonymous_7)
FN:252,(anonymous_8)
FN:263,(anonymous_9)
FNF:10
FNH:0
FNDA:0,(anonymous_0)
FNDA:0,(anonymous_1)
FNDA:0,(anonymous_2)
FNDA:0,(anonymous_3)
FNDA:0,(anonymous_4)
FNDA:0,(anonymous_5)
FNDA:0,(anonymous_6)
FNDA:0,(anonymous_7)
FNDA:0,(anonymous_8)
FNDA:0,(anonymous_9)
DA:4,0
DA:8,0
DA:15,0
DA:23,0
DA:25,0
DA:26,0
DA:27,0
DA:30,0
DA:31,0
DA:33,0
DA:34,0
DA:35,0
DA:39,0
DA:40,0
DA:41,0
DA:45,0
DA:46,0
DA:47,0
DA:50,0
DA:51,0
DA:57,0
DA:59,0
DA:73,0
DA:74,0
DA:86,0
DA:87,0
DA:89,0
DA:90,0
DA:96,0
DA:97,0
DA:99,0
DA:100,0
DA:106,0
DA:112,0
DA:113,0
DA:125,0
DA:126,0
DA:129,0
DA:130,0
DA:131,0
DA:133,0
DA:134,0
DA:135,0
DA:137,0
DA:138,0
DA:141,0
DA:143,0
DA:149,0
DA:150,0
DA:162,0
DA:163,0
DA:164,0
DA:166,0
DA:167,0
DA:174,0
DA:175,0
DA:176,0
DA:178,0
DA:179,0
DA:181,0
DA:182,0
DA:185,0
DA:187,0
DA:188,0
DA:194,0
DA:200,0
DA:201,0
DA:213,0
DA:214,0
DA:216,0
DA:217,0
DA:224,0
DA:225,0
DA:226,0
DA:232,0
DA:233,0
DA:235,0
DA:240,0
DA:241,0
DA:253,0
DA:254,0
DA:256,0
DA:257,0
DA:263,0
DA:264,0
DA:265,0
DA:267,0
DA:272,0
DA:273,0
DA:282,0
LF:90
LH:0
BRDA:17,0,0,0
BRDA:18,1,0,0
BRDA:21,2,0,0
BRDA:22,3,0,0
BRDA:33,4,0,0
BRDA:33,4,1,0
BRDA:33,5,0,0
BRDA:33,5,1,0
BRDA:39,6,0,0
BRDA:39,6,1,0
BRDA:89,7,0,0
BRDA:89,7,1,0
BRDA:99,8,0,0
BRDA:99,8,1,0
BRDA:166,9,0,0
BRDA:166,9,1,0
BRDA:187,10,0,0
BRDA:187,10,1,0
BRDA:216,11,0,0
BRDA:216,11,1,0
BRDA:225,12,0,0
BRDA:225,12,1,0
BRDA:256,13,0,0
BRDA:256,13,1,0
BRDA:256,14,0,0
BRDA:256,14,1,0
BRDA:256,14,2,0
BRF:27
BRH:0
end_of_record
TN:
SF:src/controllers/auth.controller.js
FN:7,(anonymous_0)
FN:12,(anonymous_1)
FN:98,(anonymous_2)
FNF:3
FNH:0
FNDA:0,(anonymous_0)
FNDA:0,(anonymous_1)
FNDA:0,(anonymous_2)
DA:1,0
DA:2,0
DA:4,0
DA:7,0
DA:8,0
DA:12,0
DA:13,0
DA:14,0
DA:16,0
DA:17,0
DA:25,0
DA:28,0
DA:35,0
DA:37,0
DA:38,0
DA:40,0
DA:52,0
DA:62,0
DA:67,0
DA:71,0
DA:73,0
DA:88,0
DA:89,0
DA:98,0
DA:99,0
DA:100,0
DA:102,0
DA:107,0
DA:108,0
DA:114,0
DA:119,0
DA:120,0
LF:32
LH:0
BRDA:4,0,0,0
BRDA:4,0,1,0
BRDA:16,1,0,0
BRDA:16,1,1,0
BRDA:35,2,0,0
BRDA:35,2,1,0
BRDA:44,3,0,0
BRDA:44,3,1,0
BRDA:45,4,0,0
BRDA:45,4,1,0
BRDA:46,5,0,0
BRDA:46,5,1,0
BRDA:55,6,0,0
BRDA:55,6,1,0
BRDA:56,7,0,0
BRDA:56,7,1,0
BRDA:107,8,0,0
BRDA:107,8,1,0
BRF:18
BRH:0
end_of_record
TN:
SF:src/controllers/base.controller.js
FN:11,(anonymous_0)
FN:33,(anonymous_1)
FN:55,(anonymous_2)
FN:77,(anonymous_3)
FNF:4
FNH:0
FNDA:0,(anonymous_0)
FNDA:0,(anonymous_1)
FNDA:0,(anonymous_2)
FNDA:0,(anonymous_3)
DA:1,0
DA:11,0
DA:12,0
DA:13,0
DA:15,0
DA:21,0
DA:22,0
DA:33,0
DA:34,0
DA:35,0
DA:37,0
DA:43,0
DA:44,0
DA:55,0
DA:56,0
DA:57,0
DA:59,0
DA:65,0
DA:66,0
DA:77,0
DA:78,0
DA:79,0
DA:80,0
DA:82,0
DA:88,0
DA:89,0
LF:26
LH:0
BRF:0
BRH:0
end_of_record
TN:
SF:src/controllers/exam.controller.js
FN:5,(anonymous_0)
FN:134,(anonymous_1)
FN:162,(anonymous_2)
FN:213,(anonymous_3)
FN:295,(anonymous_4)
FN:354,(anonymous_5)
FNF:6
FNH:0
FNDA:0,(anonymous_0)
FNDA:0,(anonymous_1)
FNDA:0,(anonymous_2)
FNDA:0,(anonymous_3)
FNDA:0,(anonymous_4)
FNDA:0,(anonymous_5)
DA:1,0
DA:2,0
DA:5,0
DA:6,0
DA:7,0
DA:9,0
DA:12,0
DA:13,0
DA:15,0
DA:16,0
DA:17,0
DA:18,0
DA:19,0
DA:21,0
DA:23,0
DA:24,0
DA:25,0
DA:26,0
DA:27,0
DA:29,0
DA:31,0
DA:32,0
DA:33,0
DA:34,0
DA:35,0
DA:37,0
DA:40,0
DA:41,0
DA:42,0
DA:43,0
DA:47,0
DA:48,0
DA:49,0
DA:51,0
DA:52,0
DA:55,0
DA:56,0
DA:60,0
DA:61,0
DA:62,0
DA:63,0
DA:64,0
DA:66,0
DA:68,0
DA:69,0
DA:72,0
DA:73,0
DA:74,0
DA:75,0
DA:76,0
DA:78,0
DA:80,0
DA:81,0
DA:82,0
DA:83,0
DA:86,0
DA:87,0
DA:88,0
DA:89,0
DA:93,0
DA:94,0
DA:95,0
DA:98,0
DA:99,0
DA:100,0
DA:101,0
DA:104,0
DA:105,0
DA:106,0
DA:108,0
DA:111,0
DA:112,0
DA:113,0
DA:120,0
DA:121,0
DA:122,0
DA:124,0
DA:125,0
DA:128,0
DA:129,0
DA:130,0
DA:131,0
DA:134,0
DA:135,0
DA:136,0
DA:138,0
DA:139,0
DA:143,0
DA:153,0
DA:154,0
DA:162,0
DA:163,0
DA:164,0
DA:166,0
DA:183,0
DA:184,0
DA:191,0
DA:192,0
DA:193,0
DA:195,0
DA:196,0
DA:199,0
DA:204,0
DA:205,0
DA:213,0
DA:214,0
DA:215,0
DA:216,0
DA:217,0
DA:220,0
DA:221,0
DA:222,0
DA:228,0
DA:231,0
DA:236,0
DA:237,0
DA:244,0
DA:245,0
DA:247,0
DA:248,0
DA:249,0
DA:254,0
DA:255,0
DA:259,0
DA:262,0
DA:274,0
DA:276,0
DA:286,0
DA:287,0
DA:295,0
DA:296,0
DA:297,0
DA:298,0
DA:299,0
DA:300,0
DA:301,0
DA:303,0
DA:306,0
DA:310,0
DA:311,0
DA:314,0
DA:331,0
DA:332,0
DA:333,0
DA:335,0
DA:345,0
DA:346,0
DA:354,0
DA:355,0
DA:356,0
DA:358,0
DA:359,0
DA:365,0
DA:366,0
DA:367,0
DA:368,0
DA:370,0
DA:373,0
DA:377,0
DA:378,0
DA:381,0
DA:398,0
DA:399,0
DA:400,0
DA:402,0
DA:412,0
DA:413,0
LF:167
LH:0
BRDA:7,0,0,0
BRDA:7,1,0,0
BRDA:15,2,0,0
BRDA:15,2,1,0
BRDA:18,3,0,0
BRDA:18,3,1,0
BRDA:23,4,0,0
BRDA:23,4,1,0
BRDA:26,5,0,0
BRDA:26,5,1,0
BRDA:31,6,0,0
BRDA:31,6,1,0
BRDA:34,7,0,0
BRDA:34,7,1,0
BRDA:40,8,0,0
BRDA:40,8,1,0
BRDA:42,9,0,0
BRDA:42,9,1,0
BRDA:48,10,0,0
BRDA:48,10,1,0
BRDA:60,11,0,0
BRDA:60,11,1,0
BRDA:63,12,0,0
BRDA:63,12,1,0
BRDA:68,13,0,0
BRDA:68,13,1,0
BRDA:72,14,0,0
BRDA:72,14,1,0
BRDA:75,15,0,0
BRDA:75,15,1,0
BRDA:80,16,0,0
BRDA:80,16,1,0
BRDA:82,17,0,0
BRDA:82,17,1,0
BRDA:82,18,0,0
BRDA:82,18,1,0
BRDA:82,18,2,0
BRDA:86,19,0,0
BRDA:86,19,1,0
BRDA:88,20,0,0
BRDA:88,20,1,0
BRDA:104,21,0,0
BRDA:104,21,1,0
BRDA:105,22,0,0
BRDA:105,22,1,0
BRDA:120,23,0,0
BRDA:120,23,1,0
BRDA:135,24,0,0
BRDA:135,24,1,0
BRDA:138,25,0,0
BRDA:138,25,1,0
BRDA:183,26,0,0
BRDA:183,26,1,0
BRDA:192,27,0,0
BRDA:192,27,1,0
BRDA:195,28,0,0
BRDA:195,28,1,0
BRDA:217,29,0,0
BRDA:221,30,0,0
BRDA:221,30,1,0
BRDA:236,31,0,0
BRDA:236,31,1,0
BRDA:247,32,0,0
BRDA:247,32,1,0
BRDA:248,33,0,0
BRDA:248,33,1,0
BRDA:298,34,0,0
BRDA:298,35,0,0
BRDA:299,36,0,0
BRDA:299,36,1,0
BRDA:300,37,0,0
BRDA:300,37,1,0
BRDA:356,38,0,0
BRDA:356,39,0,0
BRDA:358,40,0,0
BRDA:358,40,1,0
BRDA:365,41,0,0
BRDA:365,41,1,0
BRDA:366,42,0,0
BRDA:366,42,1,0
BRF:80
BRH:0
end_of_record
TN:
SF:src/controllers/subject.controller.js
FN:4,(anonymous_0)
FN:49,(anonymous_1)
FN:83,(anonymous_2)
FN:120,(anonymous_3)
FNF:4
FNH:0
FNDA:0,(anonymous_0)
FNDA:0,(anonymous_1)
FNDA:0,(anonymous_2)
FNDA:0,(anonymous_3)
DA:1,0
DA:4,0
DA:5,0
DA:6,0
DA:7,0
DA:9,0
DA:10,0
DA:17,0
DA:22,0
DA:23,0
DA:30,0
DA:31,0
DA:32,0
DA:38,0
DA:39,0
DA:41,0
DA:42,0
DA:49,0
DA:51,0
DA:57,0
DA:63,0
DA:69,0
DA:74,0
DA:75,0
DA:83,0
DA:84,0
DA:85,0
DA:87,0
DA:106,0
DA:111,0
DA:112,0
DA:120,0
DA:121,0
DA:122,0
DA:123,0
DA:125,0
DA:126,0
DA:132,0
DA:137,0
DA:144,0
DA:145,0
LF:41
LH:0
BRDA:9,0,0,0
BRDA:9,0,1,0
BRDA:9,1,0,0
BRDA:9,1,1,0
BRDA:9,1,2,0
BRDA:22,2,0,0
BRDA:22,2,1,0
BRDA:31,3,0,0
BRDA:31,3,1,0
BRDA:41,4,0,0
BRDA:41,4,1,0
BRDA:125,5,0,0
BRDA:125,5,1,0
BRDA:125,6,0,0
BRDA:125,6,1,0
BRDA:125,6,2,0
BRF:16
BRH:0
end_of_record
TN:
SF:src/controllers/tag.controller.js
FN:4,(anonymous_0)
FN:46,(anonymous_1)
FNF:2
FNH:0
FNDA:0,(anonymous_0)
FNDA:0,(anonymous_1)
DA:1,0
DA:4,0
DA:5,0
DA:6,0
DA:7,0
DA:9,0
DA:10,0
DA:13,0
DA:15,0
DA:16,0
DA:18,0
DA:22,0
DA:23,0
DA:24,0
DA:25,0
DA:28,0
DA:30,0
DA:32,0
DA:37,0
DA:38,0
DA:46,0
DA:47,0
DA:48,0
DA:52,0
DA:57,0
DA:58,0
LF:26
LH:0
BRDA:13,0,0,0
BRDA:13,0,1,0
BRDA:16,1,0,0
BRDA:16,1,1,0
BRDA:22,2,0,0
BRDA:22,2,1,0
BRF:6
BRH:0
end_of_record
TN:
SF:src/controllers/admin/city.controller.js
FN:8,(anonymous_0)
FN:15,(anonymous_1)
FNF:2
FNH:0
FNDA:0,(anonymous_0)
FNDA:0,(anonymous_1)
DA:4,0
DA:5,0
DA:9,0
DA:16,0
DA:24,0
DA:26,0
DA:27,0
DA:28,0
DA:30,0
DA:31,0
DA:33,0
DA:34,0
DA:35,0
DA:38,0
DA:39,0
DA:40,0
DA:43,0
DA:44,0
DA:45,0
DA:47,0
DA:48,0
DA:54,0
DA:56,0
DA:70,0
DA:71,0
DA:80,0
LF:26
LH:0
BRDA:18,0,0,0
BRDA:19,1,0,0
BRDA:22,2,0,0
BRDA:23,3,0,0
BRDA:33,4,0,0
BRDA:33,4,1,0
BRDA:33,5,0,0
BRDA:33,5,1,0
BRDA:38,6,0,0
BRDA:38,6,1,0
BRF:10
BRH:0
end_of_record
TN:
SF:src/controllers/admin/exam.controller.js
FN:10,(anonymous_0)
FN:17,(anonymous_1)
FN:123,(anonymous_2)
FN:138,(anonymous_3)
FN:164,(anonymous_4)
FNF:5
FNH:0
FNDA:0,(anonymous_0)
FNDA:0,(anonymous_1)
FNDA:0,(anonymous_2)
FNDA:0,(anonymous_3)
FNDA:0,(anonymous_4)
DA:4,0
DA:5,0
DA:6,0
DA:7,0
DA:11,0
DA:18,0
DA:31,0
DA:33,0
DA:34,0
DA:35,0
DA:37,0
DA:38,0
DA:40,0
DA:41,0
DA:42,0
DA:45,0
DA:46,0
DA:47,0
DA:50,0
DA:51,0
DA:52,0
DA:55,0
DA:56,0
DA:57,0
DA:60,0
DA:61,0
DA:62,0
DA:65,0
DA:66,0
DA:67,0
DA:70,0
DA:71,0
DA:72,0
DA:75,0
DA:76,0
DA:77,0
DA:79,0
DA:80,0
DA:95,0
DA:97,0
DA:111,0
DA:112,0
DA:124,0
DA:125,0
DA:128,0
DA:129,0
DA:130,0
DA:133,0
DA:134,0
DA:135,0
DA:137,0
DA:138,0
DA:139,0
DA:141,0
DA:142,0
DA:144,0
DA:146,0
DA:152,0
DA:153,0
DA:165,0
DA:166,0
DA:168,0
DA:169,0
DA:176,0
DA:178,0
DA:179,0
DA:186,0
DA:187,0
DA:190,0
DA:191,0
DA:192,0
DA:195,0
DA:200,0
DA:201,0
DA:210,0
LF:75
LH:0
BRDA:20,0,0,0
BRDA:21,1,0,0
BRDA:29,2,0,0
BRDA:30,3,0,0
BRDA:40,4,0,0
BRDA:40,4,1,0
BRDA:40,5,0,0
BRDA:40,5,1,0
BRDA:45,6,0,0
BRDA:45,6,1,0
BRDA:50,7,0,0
BRDA:50,7,1,0
BRDA:55,8,0,0
BRDA:55,8,1,0
BRDA:60,9,0,0
BRDA:60,9,1,0
BRDA:60,10,0,0
BRDA:60,10,1,0
BRDA:65,11,0,0
BRDA:65,11,1,0
BRDA:70,12,0,0
BRDA:70,12,1,0
BRDA:128,13,0,0
BRDA:128,13,1,0
BRDA:168,14,0,0
BRDA:168,14,1,0
BRDA:178,15,0,0
BRDA:178,15,1,0
BRDA:191,16,0,0
BRDA:191,16,1,0
BRF:30
BRH:0
end_of_record
TN:
SF:src/controllers/admin/examImport.controller.js
FN:37,parseFilename
FN:78,(anonymous_1)
FN:122,getOrCreateTag
FN:148,importExams
FN:167,(anonymous_4)
FN:334,batchImport
FN:372,analyzeDirectory
FN:390,(anonymous_7)
FN:430,(anonymous_8)
FN:434,(anonymous_9)
FN:435,(anonymous_10)
FNF:11
FNH:0
FNDA:0,parseFilename
FNDA:0,(anonymous_1)
FNDA:0,getOrCreateTag
FNDA:0,importExams
FNDA:0,(anonymous_4)
FNDA:0,batchImport
FNDA:0,analyzeDirectory
FNDA:0,(anonymous_7)
FNDA:0,(anonymous_8)
FNDA:0,(anonymous_9)
FNDA:0,(anonymous_10)
DA:4,0
DA:5,0
DA:6,0
DA:9,0
DA:12,0
DA:20,0
DA:29,0
DA:38,0
DA:41,0
DA:42,0
DA:44,0
DA:45,0
DA:58,0
DA:61,0
DA:62,0
DA:63,0
DA:66,0
DA:67,0
DA:68,0
DA:69,0
DA:70,0
DA:71,0
DA:74,0
DA:75,0
DA:78,0
DA:80,0
DA:81,0
DA:82,0
DA:85,0
DA:88,0
DA:98,0
DA:99,0
DA:100,0
DA:103,0
DA:116,0
DA:123,0
DA:124,0
DA:129,0
DA:130,0
DA:133,0
DA:138,0
DA:140,0
DA:141,0
DA:149,0
DA:158,0
DA:159,0
DA:160,0
DA:163,0
DA:164,0
DA:167,0
DA:168,0
DA:173,0
DA:175,0
DA:176,0
DA:177,0
DA:181,0
DA:183,0
DA:184,0
DA:185,0
DA:187,0
DA:189,0
DA:191,0
DA:192,0
DA:193,0
DA:194,0
DA:198,0
DA:200,0
DA:201,0
DA:209,0
DA:210,0
DA:216,0
DA:225,0
DA:226,0
DA:227,0
DA:228,0
DA:231,0
DA:236,0
DA:238,0
DA:239,0
DA:240,0
DA:241,0
DA:243,0
DA:245,0
DA:250,0
DA:251,0
DA:253,0
DA:254,0
DA:256,0
DA:260,0
DA:261,0
DA:262,0
DA:263,0
DA:266,0
DA:267,0
DA:268,0
DA:271,0
DA:274,0
DA:275,0
DA:276,0
DA:277,0
DA:281,0
DA:282,0
DA:283,0
DA:284,0
DA:286,0
DA:287,0
DA:288,0
DA:292,0
DA:313,0
DA:314,0
DA:317,0
DA:318,0
DA:319,0
DA:324,0
DA:325,0
DA:328,0
DA:335,0
DA:336,0
DA:338,0
DA:339,0
DA:345,0
DA:347,0
DA:348,0
DA:349,0
DA:351,0
DA:353,0
DA:360,0
DA:361,0
DA:373,0
DA:374,0
DA:376,0
DA:377,0
DA:383,0
DA:384,0
DA:390,0
DA:391,0
DA:396,0
DA:401,0
DA:403,0
DA:404,0
DA:405,0
DA:407,0
DA:409,0
DA:411,0
DA:412,0
DA:414,0
DA:415,0
DA:421,0
DA:430,0
DA:434,0
DA:435,0
DA:439,0
DA:440,0
DA:441,0
DA:442,0
DA:443,0
DA:445,0
DA:453,0
DA:460,0
DA:461,0
DA:469,0
LF:161
LH:0
BRDA:44,0,0,0
BRDA:44,0,1,0
BRDA:61,1,0,0
BRDA:61,1,1,0
BRDA:66,2,0,0
BRDA:66,2,1,0
BRDA:67,3,0,0
BRDA:67,3,1,0
BRDA:68,4,0,0
BRDA:68,4,1,0
BRDA:70,5,0,0
BRDA:70,5,1,0
BRDA:75,6,0,0
BRDA:75,6,1,0
BRDA:78,7,0,0
BRDA:78,7,1,0
BRDA:80,8,0,0
BRDA:80,8,1,0
BRDA:80,8,2,0
BRDA:81,9,0,0
BRDA:81,9,1,0
BRDA:82,10,0,0
BRDA:82,10,1,0
BRDA:85,11,0,0
BRDA:85,11,1,0
BRDA:99,12,0,0
BRDA:99,12,1,0
BRDA:99,13,0,0
BRDA:99,13,1,0
BRDA:110,14,0,0
BRDA:110,14,1,0
BRDA:129,15,0,0
BRDA:129,15,1,0
BRDA:159,16,0,0
BRDA:159,16,1,0
BRDA:163,17,0,0
BRDA:163,17,1,0
BRDA:168,18,0,0
BRDA:168,18,1,0
BRDA:168,18,2,0
BRDA:175,19,0,0
BRDA:175,19,1,0
BRDA:187,20,0,0
BRDA:187,20,1,0
BRDA:191,21,0,0
BRDA:191,21,1,0
BRDA:200,22,0,0
BRDA:200,22,1,0
BRDA:209,23,0,0
BRDA:209,23,1,0
BRDA:236,24,0,0
BRDA:236,24,1,0
BRDA:238,25,0,0
BRDA:238,25,1,0
BRDA:238,26,0,0
BRDA:238,26,1,0
BRDA:260,27,0,0
BRDA:260,27,1,0
BRDA:276,28,0,0
BRDA:276,28,1,0
BRDA:282,29,0,0
BRDA:282,29,1,0
BRDA:314,30,0,0
BRDA:314,30,1,0
BRDA:338,31,0,0
BRDA:338,31,1,0
BRDA:376,32,0,0
BRDA:376,32,1,0
BRDA:383,33,0,0
BRDA:383,33,1,0
BRDA:391,34,0,0
BRDA:391,34,1,0
BRDA:391,34,2,0
BRDA:407,35,0,0
BRDA:407,35,1,0
BRDA:411,36,0,0
BRDA:411,36,1,0
BRDA:414,37,0,0
BRDA:414,37,1,0
BRDA:424,38,0,0
BRDA:424,38,1,0
BRF:81
BRH:0
end_of_record
TN:
SF:src/controllers/admin/grade.controller.js
FN:8,(anonymous_0)
FN:15,(anonymous_1)
FNF:2
FNH:0
FNDA:0,(anonymous_0)
FNDA:0,(anonymous_1)
DA:4,0
DA:5,0
DA:9,0
DA:16,0
DA:25,0
DA:27,0
DA:28,0
DA:29,0
DA:31,0
DA:32,0
DA:34,0
DA:35,0
DA:36,0
DA:39,0
DA:40,0
DA:41,0
DA:44,0
DA:45,0
DA:46,0
DA:49,0
DA:50,0
DA:51,0
DA:53,0
DA:54,0
DA:60,0
DA:62,0
DA:76,0
DA:77,0
DA:86,0
LF:29
LH:0
BRDA:18,0,0,0
BRDA:19,1,0,0
BRDA:23,2,0,0
BRDA:24,3,0,0
BRDA:34,4,0,0
BRDA:34,4,1,0
BRDA:34,5,0,0
BRDA:34,5,1,0
BRDA:39,6,0,0
BRDA:39,6,1,0
BRDA:39,7,0,0
BRDA:39,7,1,0
BRDA:44,8,0,0
BRDA:44,8,1,0
BRF:14
BRH:0
end_of_record
TN:
SF:src/controllers/admin/subject.controller.js
FN:7,(anonymous_0)
FNF:1
FNH:0
FNDA:0,(anonymous_0)
DA:4,0
DA:8,0
DA:12,0
LF:3
LH:0
BRF:0
BRH:0
end_of_record
TN:
SF:src/controllers/admin/tag.controller.js
FN:8,(anonymous_0)
FN:15,(anonymous_1)
FN:65,(anonymous_2)
FNF:3
FNH:0
FNDA:0,(anonymous_0)
FNDA:0,(anonymous_1)
FNDA:0,(anonymous_2)
DA:4,0
DA:5,0
DA:9,0
DA:16,0
DA:25,0
DA:27,0
DA:28,0
DA:29,0
DA:31,0
DA:32,0
DA:34,0
DA:35,0
DA:36,0
DA:39,0
DA:40,0
DA:41,0
DA:44,0
DA:45,0
DA:46,0
DA:49,0
DA:50,0
DA:51,0
DA:53,0
DA:54,0
DA:62,0
DA:65,0
DA:66,0
DA:67,0
DA:71,0
DA:85,0
DA:86,0
DA:95,0
LF:32
LH:0
BRDA:18,0,0,0
BRDA:19,1,0,0
BRDA:23,2,0,0
BRDA:24,3,0,0
BRDA:34,4,0,0
BRDA:34,4,1,0
BRDA:34,5,0,0
BRDA:34,5,1,0
BRDA:39,6,0,0
BRDA:39,6,1,0
BRDA:39,7,0,0
BRDA:39,7,1,0
BRDA:44,8,0,0
BRDA:44,8,1,0
BRDA:66,9,0,0
BRDA:66,9,1,0
BRF:16
BRH:0
end_of_record
TN:
SF:src/controllers/admin/user.controller.js
FN:8,(anonymous_0)
FN:15,(anonymous_1)
FN:85,(anonymous_2)
FN:148,(anonymous_3)
FNF:4
FNH:0
FNDA:0,(anonymous_0)
FNDA:0,(anonymous_1)
FNDA:0,(anonymous_2)
FNDA:0,(anonymous_3)
DA:4,0
DA:5,0
DA:9,0
DA:16,0
DA:24,0
DA:26,0
DA:27,0
DA:28,0
DA:30,0
DA:31,0
DA:33,0
DA:34,0
DA:35,0
DA:38,0
DA:39,0
DA:40,0
DA:43,0
DA:44,0
DA:45,0
DA:47,0
DA:48,0
DA:57,0
DA:59,0
DA:73,0
DA:74,0
DA:86,0
DA:87,0
DA:88,0
DA:90,0
DA:91,0
DA:97,0
DA:98,0
DA:105,0
DA:106,0
DA:107,0
DA:113,0
DA:114,0
DA:115,0
DA:118,0
DA:121,0
DA:126,0
DA:136,0
DA:137,0
DA:149,0
DA:150,0
DA:152,0
DA:153,0
DA:159,0
DA:160,0
DA:161,0
DA:167,0
DA:168,0
DA:170,0
DA:179,0
DA:180,0
DA:189,0
LF:56
LH:0
BRDA:18,0,0,0
BRDA:19,1,0,0
BRDA:22,2,0,0
BRDA:23,3,0,0
BRDA:33,4,0,0
BRDA:33,4,1,0
BRDA:33,5,0,0
BRDA:33,5,1,0
BRDA:38,6,0,0
BRDA:38,6,1,0
BRDA:88,7,0,0
BRDA:90,8,0,0
BRDA:90,8,1,0
BRDA:97,9,0,0
BRDA:97,9,1,0
BRDA:97,10,0,0
BRDA:97,10,1,0
BRDA:106,11,0,0
BRDA:106,11,1,0
BRDA:123,12,0,0
BRDA:123,12,1,0
BRDA:152,13,0,0
BRDA:152,13,1,0
BRDA:160,14,0,0
BRDA:160,14,1,0
BRDA:167,15,0,0
BRDA:167,15,1,0
BRDA:172,16,0,0
BRDA:172,16,1,0
BRF:29
BRH:0
end_of_record
TN:
SF:src/middlewares/adminAuth.js
FN:12,authenticateAdmin
FN:19,generateAdminToken
FN:27,verifyAdminToken
FN:41,adminLogin
FN:72,adminAuthMiddleware
FNF:5
FNH:0
FNDA:0,authenticateAdmin
FNDA:0,generateAdminToken
FNDA:0,verifyAdminToken
FNDA:0,adminLogin
FNDA:0,adminAuthMiddleware
DA:6,0
DA:7,0
DA:13,0
DA:20,0
DA:21,0
DA:28,0
DA:29,0
DA:30,0
DA:31,0
DA:32,0
DA:34,0
DA:42,0
DA:44,0
DA:45,0
DA:51,0
DA:52,0
DA:53,0
DA:62,0
DA:73,0
DA:75,0
DA:76,0
DA:82,0
DA:83,0
DA:84,0
DA:86,0
DA:93,0
LF:26
LH:0
BRDA:6,0,0,0
BRDA:6,0,1,0
BRDA:7,1,0,0
BRDA:7,1,1,0
BRDA:13,2,0,0
BRDA:13,2,1,0
BRDA:28,3,0,0
BRDA:28,3,1,0
BRDA:44,4,0,0
BRDA:44,4,1,0
BRDA:44,5,0,0
BRDA:44,5,1,0
BRDA:51,6,0,0
BRDA:51,6,1,0
BRDA:75,7,0,0
BRDA:75,7,1,0
BRDA:82,8,0,0
BRDA:82,8,1,0
BRF:18
BRH:0
end_of_record
TN:
SF:src/middlewares/auth.js
FN:5,(anonymous_0)
FNF:1
FNH:0
FNDA:0,(anonymous_0)
DA:1,0
DA:3,0
DA:5,0
DA:6,0
DA:7,0
DA:9,0
DA:10,0
DA:16,0
DA:17,0
DA:18,0
DA:19,0
DA:21,0
DA:28,0
LF:13
LH:0
BRDA:3,0,0,0
BRDA:3,0,1,0
BRDA:9,1,0,0
BRDA:9,1,1,0
BRF:4
BRH:0
end_of_record
TN:
SF:src/routes/admin.js
FN:21,(anonymous_0)
FN:51,(anonymous_1)
FN:52,(anonymous_2)
FN:53,(anonymous_3)
FN:54,(anonymous_4)
FN:55,(anonymous_5)
FN:56,(anonymous_6)
FN:59,(anonymous_7)
FN:60,(anonymous_8)
FN:61,(anonymous_9)
FN:62,(anonymous_10)
FN:63,(anonymous_11)
FN:64,(anonymous_12)
FN:67,(anonymous_13)
FN:68,(anonymous_14)
FN:69,(anonymous_15)
FN:70,(anonymous_16)
FN:71,(anonymous_17)
FN:72,(anonymous_18)
FN:75,(anonymous_19)
FN:76,(anonymous_20)
FN:77,(anonymous_21)
FN:78,(anonymous_22)
FN:79,(anonymous_23)
FN:80,(anonymous_24)
FN:83,(anonymous_25)
FN:84,(anonymous_26)
FN:85,(anonymous_27)
FN:86,(anonymous_28)
FN:87,(anonymous_29)
FN:88,(anonymous_30)
FN:91,(anonymous_31)
FN:92,(anonymous_32)
FN:95,(anonymous_33)
FN:96,(anonymous_34)
FN:97,(anonymous_35)
FN:98,(anonymous_36)
FN:99,(anonymous_37)
FN:100,(anonymous_38)
FN:101,(anonymous_39)
FNF:40
FNH:0
FNDA:0,(anonymous_0)
FNDA:0,(anonymous_1)
FNDA:0,(anonymous_2)
FNDA:0,(anonymous_3)
FNDA:0,(anonymous_4)
FNDA:0,(anonymous_5)
FNDA:0,(anonymous_6)
FNDA:0,(anonymous_7)
FNDA:0,(anonymous_8)
FNDA:0,(anonymous_9)
FNDA:0,(anonymous_10)
FNDA:0,(anonymous_11)
FNDA:0,(anonymous_12)
FNDA:0,(anonymous_13)
FNDA:0,(anonymous_14)
FNDA:0,(anonymous_15)
FNDA:0,(anonymous_16)
FNDA:0,(anonymous_17)
FNDA:0,(anonymous_18)
FNDA:0,(anonymous_19)
FNDA:0,(anonymous_20)
FNDA:0,(anonymous_21)
FNDA:0,(anonymous_22)
FNDA:0,(anonymous_23)
FNDA:0,(anonymous_24)
FNDA:0,(anonymous_25)
FNDA:0,(anonymous_26)
FNDA:0,(anonymous_27)
FNDA:0,(anonymous_28)
FNDA:0,(anonymous_29)
FNDA:0,(anonymous_30)
FNDA:0,(anonymous_31)
FNDA:0,(anonymous_32)
FNDA:0,(anonymous_33)
FNDA:0,(anonymous_34)
FNDA:0,(anonymous_35)
FNDA:0,(anonymous_36)
FNDA:0,(anonymous_37)
FNDA:0,(anonymous_38)
FNDA:0,(anonymous_39)
DA:4,0
DA:5,0
DA:6,0
DA:9,0
DA:10,0
DA:11,0
DA:12,0
DA:13,0
DA:14,0
DA:15,0
DA:18,0
DA:21,0
DA:22,0
DA:23,0
DA:25,0
DA:26,0
DA:27,0
DA:28,0
DA:30,0
DA:41,0
DA:42,0
DA:51,0
DA:52,0
DA:53,0
DA:54,0
DA:55,0
DA:56,0
DA:59,0
DA:60,0
DA:61,0
DA:62,0
DA:63,0
DA:64,0
DA:67,0
DA:68,0
DA:69,0
DA:70,0
DA:71,0
DA:72,0
DA:75,0
DA:76,0
DA:77,0
DA:78,0
DA:79,0
DA:80,0
DA:83,0
DA:84,0
DA:85,0
DA:86,0
DA:87,0
DA:88,0
DA:91,0
DA:92,0
DA:95,0
DA:96,0
DA:97,0
DA:98,0
DA:99,0
DA:100,0
DA:101,0
DA:103,0
LF:61
LH:0
BRF:0
BRH:0
end_of_record
TN:
SF:src/routes/index.js
FNF:0
FNH:0
DA:1,0
DA:2,0
DA:4,0
DA:5,0
DA:6,0
DA:7,0
DA:8,0
DA:9,0
DA:10,0
DA:14,0
DA:15,0
DA:18,0
DA:19,0
DA:20,0
DA:23,0
DA:24,0
DA:25,0
DA:33,0
DA:39,0
DA:41,0
LF:20
LH:0
BRF:0
BRH:0
end_of_record
TN:
SF:src/routes/upload.routes.js
FN:15,(anonymous_0)
FN:29,(anonymous_1)
FN:65,(anonymous_2)
FN:77,(anonymous_3)
FN:88,(anonymous_4)
FN:108,(anonymous_5)
FN:149,(anonymous_6)
FNF:7
FNH:0
FNDA:0,(anonymous_0)
FNDA:0,(anonymous_1)
FNDA:0,(anonymous_2)
FNDA:0,(anonymous_3)
FNDA:0,(anonymous_4)
FNDA:0,(anonymous_5)
FNDA:0,(anonymous_6)
DA:1,0
DA:2,0
DA:3,0
DA:4,0
DA:6,0
DA:9,0
DA:10,0
DA:16,0
DA:17,0
DA:18,0
DA:20,0
DA:29,0
DA:30,0
DA:31,0
DA:32,0
DA:38,0
DA:41,0
DA:43,0
DA:53,0
DA:54,0
DA:65,0
DA:66,0
DA:67,0
DA:68,0
DA:74,0
DA:77,0
DA:78,0
DA:81,0
DA:83,0
DA:88,0
DA:96,0
DA:97,0
DA:108,0
DA:109,0
DA:110,0
DA:112,0
DA:113,0
DA:120,0
DA:121,0
DA:122,0
DA:128,0
DA:130,0
DA:136,0
DA:137,0
DA:149,0
DA:150,0
DA:151,0
DA:153,0
DA:154,0
DA:160,0
DA:162,0
DA:167,0
DA:168,0
DA:175,0
LF:54
LH:0
BRDA:17,0,0,0
BRDA:17,0,1,0
BRDA:31,1,0,0
BRDA:31,1,1,0
BRDA:56,2,0,0
BRDA:56,2,1,0
BRDA:67,3,0,0
BRDA:67,3,1,0
BRDA:67,4,0,0
BRDA:67,4,1,0
BRDA:99,5,0,0
BRDA:99,5,1,0
BRDA:112,6,0,0
BRDA:112,6,1,0
BRDA:121,7,0,0
BRDA:121,7,1,0
BRDA:139,8,0,0
BRDA:139,8,1,0
BRDA:153,9,0,0
BRDA:153,9,1,0
BRDA:170,10,0,0
BRDA:170,10,1,0
BRF:22
BRH:0
end_of_record
TN:
SF:src/services/base.service.js
FN:4,(anonymous_0)
FN:15,(anonymous_1)
FN:26,(anonymous_2)
FN:37,(anonymous_3)
FNF:4
FNH:0
FNDA:0,(anonymous_0)
FNDA:0,(anonymous_1)
FNDA:0,(anonymous_2)
FNDA:0,(anonymous_3)
DA:1,0
DA:5,0
DA:6,0
DA:7,0
DA:8,0
DA:10,0
DA:11,0
DA:16,0
DA:17,0
DA:18,0
DA:19,0
DA:21,0
DA:22,0
DA:27,0
DA:28,0
DA:29,0
DA:30,0
DA:32,0
DA:33,0
DA:38,0
DA:44,0
DA:45,0
DA:46,0
DA:48,0
DA:49,0
DA:54,0
LF:26
LH:0
BRF:0
BRH:0
end_of_record
TN:
SF:src/services/exam.service.js
FN:4,(anonymous_0)
FN:75,(anonymous_1)
FN:94,(anonymous_2)
FNF:3
FNH:0
FNDA:0,(anonymous_0)
FNDA:0,(anonymous_1)
FNDA:0,(anonymous_2)
DA:1,0
DA:14,0
DA:16,0
DA:18,0
DA:19,0
DA:21,0
DA:22,0
DA:23,0
DA:26,0
DA:27,0
DA:28,0
DA:31,0
DA:32,0
DA:33,0
DA:36,0
DA:37,0
DA:38,0
DA:41,0
DA:42,0
DA:45,0
DA:46,0
DA:47,0
DA:50,0
DA:52,0
DA:54,0
DA:56,0
DA:57,0
DA:62,0
DA:70,0
DA:71,0
DA:76,0
DA:78,0
DA:79,0
DA:81,0
DA:82,0
DA:83,0
DA:84,0
DA:87,0
DA:89,0
DA:90,0
DA:95,0
DA:96,0
DA:97,0
DA:99,0
DA:100,0
DA:105,0
LF:46
LH:0
BRDA:10,0,0,0
BRDA:11,1,0,0
BRDA:21,2,0,0
BRDA:21,2,1,0
BRDA:26,3,0,0
BRDA:26,3,1,0
BRDA:31,4,0,0
BRDA:31,4,1,0
BRDA:36,5,0,0
BRDA:36,5,1,0
BRDA:41,6,0,0
BRDA:41,6,1,0
BRDA:45,7,0,0
BRDA:45,7,1,0
BRDA:81,8,0,0
BRDA:81,8,1,0
BRDA:81,9,0,0
BRDA:81,9,1,0
BRF:18
BRH:0
end_of_record
TN:
SF:src/utils/db.js
FN:8,(anonymous_0)
FN:19,(anonymous_1)
FNF:2
FNH:0
FNDA:0,(anonymous_0)
FNDA:0,(anonymous_1)
DA:1,0
DA:2,0
DA:5,0
DA:8,0
DA:9,0
DA:10,0
DA:11,0
DA:13,0
DA:14,0
DA:19,0
DA:20,0
DA:21,0
DA:22,0
DA:23,0
DA:24,0
DA:25,0
DA:27,0
DA:28,0
DA:30,0
DA:34,0
LF:20
LH:0
BRDA:8,0,0,0
BRF:1
BRH:0
end_of_record
